2026-03-19 02:47:08,913 INFO 장기 추적 시작 (간격: 3시간 | DB: mainnet_tracker.db)
2026-03-19 02:47:08,914 INFO 메인넷 실시간 트레이더 선별 중...
2026-03-19 02:47:09,045 INFO 선별 완료: 6명
2026-03-19 02:47:09,046 INFO   Ph9yECGo (S): ROI_30d=+101.06%  ROI_7d=+12.28%  equity=$98,731
2026-03-19 02:47:09,046 INFO   FN4seJZ9 (S): ROI_30d=+44.66%  ROI_7d=+53.75%  equity=$95,209
2026-03-19 02:47:09,046 INFO   5RX2DD42 (S): ROI_30d=+45.42%  ROI_7d=+12.92%  equity=$127,443
2026-03-19 02:47:09,046 INFO   6uC2TdJx (S): ROI_30d=+50.53%  ROI_7d=+23.60%  equity=$81,109
2026-03-19 02:47:09,046 INFO   8AsJfKor (A): ROI_30d=+37.19%  ROI_7d=+38.57%  equity=$125,106
2026-03-19 02:47:09,046 INFO   BkUTkCt4 (A): ROI_30d=+28.89%  ROI_7d=+4.02%  equity=$53,478
====================================================================
  1회 수집 완료 | 2026-03-19 | 6명
====================================================================

  [트레이더 실적]
  트레이더         등급   CRS      ROI_1d   ROI_7d   ROI_30d      PnL_30d
  Ph9yECGo     S    82.0     -7.68%  +12.28%  +101.06%  $    99,774
  FN4seJZ9     S    82.0     +7.57%  +53.75%   +44.66%  $    42,524
  5RX2DD42     S    82.0     +1.66%  +12.92%   +45.42%  $    57,890
  6uC2TdJx     S    82.0    -42.87%  +23.60%   +50.53%  $    40,987
  8AsJfKor     A    73.0     -4.38%  +38.57%   +37.19%  $    46,528
  BkUTkCt4     A    73.0     +4.40%   +4.02%   +28.89%  $    15,451

  [팔로워 시뮬 PnL]
  시나리오              자본         1일         7일        30일   30일ROI
  안정형        $   1,000   $  +0.64  $  +32.32  $  +78.25   +7.83%
  균형형        $   5,000   $  +3.18  $ +161.62  $ +391.26   +7.83%
  공격형        $  10,000   $  +0.06  $ +174.37  $ +270.54   +2.71%
  풀포트        $  10,000   $ -84.56  $ +268.05  $ +584.88   +5.85%

  신뢰도 — L2 트레이더: ✅  L3 사용자PnL: ✅
  (ROI≥30% 트레이더: 5명 | 안정형30일: +7.83%)
====================================================================
2026-03-19 02:47:09,101 INFO 다음 수집까지 3시간 대기...
