04:05:44 [INFO] 🚀 CopyPerp 4전략 동시 페이퍼트레이딩 시작 [DRY-RUN (폴백 시뮬레이션)]
04:05:44 [INFO]    폴링 간격: 30초 | 대시보드: 60초
04:05:44 [INFO]    상태 파일: /root/.openclaw/workspace/paperclip-company/projects/pacifica-hackathon/copy-perp/results/multi_pt_state.json
04:05:44 [INFO]    로그 파일: /root/.openclaw/workspace/paperclip-company/projects/pacifica-hackathon/copy-perp/results/multi_pt_log.jsonl
04:05:44 [INFO] [conservative] 시작 — 트레이더 1명 copy=0.1 max=$100.0
04:05:44 [INFO]   ▶ [conservative] 스레드 시작 (tid=138405464761920)
04:05:44 [INFO] [default] 시작 — 트레이더 2명 copy=0.1 max=$300.0
04:05:44 [INFO]   ▶ [default] 스레드 시작 (tid=138405456369216)
04:05:45 [INFO] [balanced] 시작 — 트레이더 4명 copy=0.07 max=$300.0
04:05:45 [INFO]   ▶ [balanced] 스레드 시작 (tid=138405447976512)
04:05:45 [INFO] [aggressive] 시작 — 트레이더 9명 copy=0.07 max=$500.0
04:05:45 [INFO]   ▶ [aggressive] 스레드 시작 (tid=138405439583808)

╔══════════════════════════════════════════════════════════════════════════╗
║                      CopyPerp 4전략 실시간 페이퍼트레이딩 대시보드                       ║
║           시작: 2026-03-19 04:05 | 경과: 0h 00m | 갱신: 04:05:51 UTC           ║
╠══════════════════════════════════════════════════════════════════════════╣
║ 전략                   자산       PnL      ROI      연환산     승률    포지션 ║
╠══════════════════════════════════════════════════════════════════════════╣
║ ⚡ 적극적        $10,000.85     +0.85  +0.009%    +0.0%   100%     0개 📡║
║ 📊 균형         $10,000.49     +0.49  +0.005%    +0.0%   100%     0개 📡║
║ ⚖️ 기본        $10,000.16     +0.16  +0.002%    +0.0%   100%     0개 📡║
║ 🛡 보수적        $10,000.09     +0.09  +0.001%    +0.0%   100%     0개 📡║
╠══════════════════════════════════════════════════════════════════════════╣
║          예상 월 수익: 보수적 +7.8% | 기본 +13.4% | 균형 +18.3% | 적극 +33.6%          ║
╚══════════════════════════════════════════════════════════════════════════╝


╔══════════════════════════════════════════════════════════════════════════╗
║                      CopyPerp 4전략 실시간 페이퍼트레이딩 대시보드                       ║
║           시작: 2026-03-19 04:05 | 경과: 0h 01m | 갱신: 04:06:51 UTC           ║
╠══════════════════════════════════════════════════════════════════════════╣
║ 전략                   자산       PnL      ROI      연환산     승률    포지션 ║
╠══════════════════════════════════════════════════════════════════════════╣
║ ⚡ 적극적        $10,002.54     +2.54  +0.025% +12490.7%   100%     0개 📡║
║ 📊 균형         $10,001.48     +1.48  +0.015% +7489.3%   100%     0개 📡║
║ ⚖️ 기본        $10,000.48     +0.48  +0.005% +2455.0%   100%     0개 📡║
║ 🛡 보수적        $10,000.27     +0.27  +0.003% +1410.2%   100%     0개 📡║
╠══════════════════════════════════════════════════════════════════════════╣
║          예상 월 수익: 보수적 +7.8% | 기본 +13.4% | 균형 +18.3% | 적극 +33.6%          ║
╚══════════════════════════════════════════════════════════════════════════╝


╔══════════════════════════════════════════════════════════════════════════╗
║                      CopyPerp 4전략 실시간 페이퍼트레이딩 대시보드                       ║
║           시작: 2026-03-19 04:05 | 경과: 0h 02m | 갱신: 04:07:51 UTC           ║
╠══════════════════════════════════════════════════════════════════════════╣
║ 전략                   자산       PnL      ROI      연환산     승률    포지션 ║
╠══════════════════════════════════════════════════════════════════════════╣
║ ⚡ 적극적        $10,004.24     +4.24  +0.042% +10607.9%   100%     0개 📡║
║ 📊 균형         $10,002.46     +2.46  +0.025% +6312.4%   100%     0개 📡║
║ ⚖️ 기본        $10,000.79     +0.79  +0.008% +2057.7%   100%     0개 📡║
║ 🛡 보수적        $10,000.45     +0.45  +0.004% +1176.2%   100%     0개 📡║
╠══════════════════════════════════════════════════════════════════════════╣
║          예상 월 수익: 보수적 +7.8% | 기본 +13.4% | 균형 +18.3% | 적극 +33.6%          ║
╚══════════════════════════════════════════════════════════════════════════╝


╔══════════════════════════════════════════════════════════════════════════╗
║                      CopyPerp 4전략 실시간 페이퍼트레이딩 대시보드                       ║
║           시작: 2026-03-19 04:05 | 경과: 0h 03m | 갱신: 04:08:51 UTC           ║
╠══════════════════════════════════════════════════════════════════════════╣
║ 전략                   자산       PnL      ROI      연환산     승률    포지션 ║
╠══════════════════════════════════════════════════════════════════════════╣
║ ⚡ 적극적        $10,005.09     +5.09  +0.051% +10222.6%   100%     0개 📡║
║ 📊 균형         $10,003.45     +3.45  +0.035% +5914.1%   100%     0개 📡║
║ ⚖️ 기본        $10,001.11     +1.11  +0.011% +1924.2%   100%     0개 📡║
║ 🛡 보수적        $10,000.63     +0.63  +0.006% +1098.1%   100%     0개 📡║
╠══════════════════════════════════════════════════════════════════════════╣
║          예상 월 수익: 보수적 +7.8% | 기본 +13.4% | 균형 +18.3% | 적극 +33.6%          ║
╚══════════════════════════════════════════════════════════════════════════╝


╔══════════════════════════════════════════════════════════════════════════╗
║                      CopyPerp 4전략 실시간 페이퍼트레이딩 대시보드                       ║
║           시작: 2026-03-19 04:05 | 경과: 0h 04m | 갱신: 04:09:51 UTC           ║
╠══════════════════════════════════════════════════════════════════════════╣
║ 전략                   자산       PnL      ROI      연환산     승률    포지션 ║
╠══════════════════════════════════════════════════════════════════════════╣
║ ⚡ 적극적        $10,006.78     +6.78  +0.068% +9778.7%   100%     0개 📡║
║ 📊 균형         $10,004.43     +4.43  +0.044% +5713.8%   100%     0개 📡║
║ ⚖️ 기본        $10,001.43     +1.43  +0.014% +1857.3%   100%     0개 📡║
║ 🛡 보수적        $10,000.81     +0.81  +0.008% +1059.0%   100%     0개 📡║
╠══════════════════════════════════════════════════════════════════════════╣
║          예상 월 수익: 보수적 +7.8% | 기본 +13.4% | 균형 +18.3% | 적극 +33.6%          ║
╚══════════════════════════════════════════════════════════════════════════╝


╔══════════════════════════════════════════════════════════════════════════╗
║                      CopyPerp 4전략 실시간 페이퍼트레이딩 대시보드                       ║
║           시작: 2026-03-19 04:05 | 경과: 0h 05m | 갱신: 04:10:51 UTC           ║
╠══════════════════════════════════════════════════════════════════════════╣
║ 전략                   자산       PnL      ROI      연환산     승률    포지션 ║
╠══════════════════════════════════════════════════════════════════════════╣
║ ⚡ 적극적        $10,008.48     +8.48  +0.085% +9530.4%   100%     0개 📡║
║ 📊 균형         $10,005.42     +5.42  +0.054% +5593.3%   100%     0개 📡║
║ ⚖️ 기본        $10,001.74     +1.74  +0.017% +1817.1%   100%     0개 📡║
║ 🛡 보수적        $10,000.99     +0.99  +0.010% +1035.6%   100%     0개 📡║
╠══════════════════════════════════════════════════════════════════════════╣
║          예상 월 수익: 보수적 +7.8% | 기본 +13.4% | 균형 +18.3% | 적극 +33.6%          ║
╚══════════════════════════════════════════════════════════════════════════╝


╔══════════════════════════════════════════════════════════════════════════╗
║                      CopyPerp 4전략 실시간 페이퍼트레이딩 대시보드                       ║
║           시작: 2026-03-19 04:05 | 경과: 0h 06m | 갱신: 04:11:51 UTC           ║
╠══════════════════════════════════════════════════════════════════════════╣
║ 전략                   자산       PnL      ROI      연환산     승률    포지션 ║
╠══════════════════════════════════════════════════════════════════════════╣
║ ⚡ 적극적        $10,010.17    +10.17  +0.102% +9371.8%   100%     0개 📡║
║ 📊 균형         $10,006.40     +6.40  +0.064% +5512.7%   100%     0개 📡║
║ ⚖️ 기본        $10,002.06     +2.06  +0.021% +1790.2%   100%     0개 📡║
║ 🛡 보수적        $10,001.17     +1.17  +0.012% +1019.9%   100%     0개 📡║
╠══════════════════════════════════════════════════════════════════════════╣
║          예상 월 수익: 보수적 +7.8% | 기본 +13.4% | 균형 +18.3% | 적극 +33.6%          ║
╚══════════════════════════════════════════════════════════════════════════╝


╔══════════════════════════════════════════════════════════════════════════╗
║                      CopyPerp 4전략 실시간 페이퍼트레이딩 대시보드                       ║
║           시작: 2026-03-19 04:05 | 경과: 0h 07m | 갱신: 04:12:51 UTC           ║
╠══════════════════════════════════════════════════════════════════════════╣
║ 전략                   자산       PnL      ROI      연환산     승률    포지션 ║
╠══════════════════════════════════════════════════════════════════════════╣
║ ⚡ 적극적        $10,011.87    +11.87  +0.119% +9261.7%   100%     0개 📡║
║ 📊 균형         $10,007.39     +7.39  +0.074% +5455.1%   100%     0개 📡║
║ ⚖️ 기본        $10,002.38     +2.38  +0.024% +1771.1%   100%     0개 📡║
║ 🛡 보수적        $10,001.35     +1.35  +0.013% +1008.8%   100%     0개 📡║
╠══════════════════════════════════════════════════════════════════════════╣
║          예상 월 수익: 보수적 +7.8% | 기본 +13.4% | 균형 +18.3% | 적극 +33.6%          ║
╚══════════════════════════════════════════════════════════════════════════╝


╔══════════════════════════════════════════════════════════════════════════╗
║                      CopyPerp 4전략 실시간 페이퍼트레이딩 대시보드                       ║
║           시작: 2026-03-19 04:05 | 경과: 0h 08m | 갱신: 04:13:51 UTC           ║
╠══════════════════════════════════════════════════════════════════════════╣
║ 전략                   자산       PnL      ROI      연환산     승률    포지션 ║
╠══════════════════════════════════════════════════════════════════════════╣
║ ⚡ 적극적        $10,013.56    +13.56  +0.136% +9180.8%   100%     0개 📡║
║ 📊 균형         $10,007.88     +7.88  +0.079% +5432.1%   100%     0개 📡║
║ ⚖️ 기본        $10,002.70     +2.70  +0.027% +1756.7%   100%     0개 📡║
║ 🛡 보수적        $10,001.53     +1.53  +0.015% +1000.4%   100%     0개 📡║
╠══════════════════════════════════════════════════════════════════════════╣
║          예상 월 수익: 보수적 +7.8% | 기본 +13.4% | 균형 +18.3% | 적극 +33.6%          ║
╚══════════════════════════════════════════════════════════════════════════╝


╔══════════════════════════════════════════════════════════════════════════╗
║                      CopyPerp 4전략 실시간 페이퍼트레이딩 대시보드                       ║
║           시작: 2026-03-19 04:05 | 경과: 0h 09m | 갱신: 04:14:51 UTC           ║
╠══════════════════════════════════════════════════════════════════════════╣
║ 전략                   자산       PnL      ROI      연환산     승률    포지션 ║
╠══════════════════════════════════════════════════════════════════════════╣
║ ⚡ 적극적        $10,015.26    +15.26  +0.153% +9118.8%   100%     0개 📡║
║ 📊 균형         $10,008.86     +8.86  +0.089% +5394.1%   100%     0개 📡║
║ ⚖️ 기본        $10,003.01     +3.01  +0.030% +1745.5%   100%     0개 📡║
║ 🛡 보수적        $10,001.71     +1.71  +0.017%  +993.9%   100%     0개 📡║
╠══════════════════════════════════════════════════════════════════════════╣
║          예상 월 수익: 보수적 +7.8% | 기본 +13.4% | 균형 +18.3% | 적극 +33.6%          ║
╚══════════════════════════════════════════════════════════════════════════╝


╔══════════════════════════════════════════════════════════════════════════╗
║                      CopyPerp 4전략 실시간 페이퍼트레이딩 대시보드                       ║
║           시작: 2026-03-19 04:05 | 경과: 0h 10m | 갱신: 04:15:51 UTC           ║
╠══════════════════════════════════════════════════════════════════════════╣
║ 전략                   자산       PnL      ROI      연환산     승률    포지션 ║
╠══════════════════════════════════════════════════════════════════════════╣
║ ⚡ 적극적        $10,016.96    +16.96  +0.170% +9069.8%   100%     0개 📡║
║ 📊 균형         $10,009.85     +9.85  +0.099% +5364.1%   100%     0개 📡║
║ ⚖️ 기본        $10,003.33     +3.33  +0.033% +1736.5%   100%     0개 📡║
║ 🛡 보수적        $10,001.89     +1.89  +0.019%  +988.7%   100%     0개 📡║
╠══════════════════════════════════════════════════════════════════════════╣
║          예상 월 수익: 보수적 +7.8% | 기본 +13.4% | 균형 +18.3% | 적극 +33.6%          ║
╚══════════════════════════════════════════════════════════════════════════╝


╔══════════════════════════════════════════════════════════════════════════╗
║                      CopyPerp 4전략 실시간 페이퍼트레이딩 대시보드                       ║
║           시작: 2026-03-19 04:05 | 경과: 0h 11m | 갱신: 04:16:51 UTC           ║
╠══════════════════════════════════════════════════════════════════════════╣
║ 전략                   자산       PnL      ROI      연환산     승률    포지션 ║
╠══════════════════════════════════════════════════════════════════════════╣
║ ⚡ 적극적        $10,018.65    +18.65  +0.186% +9030.2%   100%     0개 📡║
║ 📊 균형         $10,010.83    +10.83  +0.108% +5339.8%   100%     0개 📡║
║ ⚖️ 기본        $10,003.65     +3.65  +0.036% +1729.2%   100%     0개 📡║
║ 🛡 보수적        $10,002.07     +2.07  +0.021%  +984.4%   100%     0개 📡║
╠══════════════════════════════════════════════════════════════════════════╣
║          예상 월 수익: 보수적 +7.8% | 기본 +13.4% | 균형 +18.3% | 적극 +33.6%          ║
╚══════════════════════════════════════════════════════════════════════════╝


╔══════════════════════════════════════════════════════════════════════════╗
║                      CopyPerp 4전략 실시간 페이퍼트레이딩 대시보드                       ║
║           시작: 2026-03-19 04:05 | 경과: 0h 12m | 갱신: 04:17:51 UTC           ║
╠══════════════════════════════════════════════════════════════════════════╣
║ 전략                   자산       PnL      ROI      연환산     승률    포지션 ║
╠══════════════════════════════════════════════════════════════════════════╣
║ ⚡ 적극적        $10,020.35    +20.35  +0.203% +8997.4%   100%     0개 📡║
║ 📊 균형         $10,011.82    +11.82  +0.118% +5319.7%   100%     0개 📡║
║ ⚖️ 기본        $10,003.96     +3.96  +0.040% +1723.1%   100%     0개 📡║
║ 🛡 보수적        $10,002.25     +2.25  +0.022%  +980.8%   100%     0개 📡║
╠══════════════════════════════════════════════════════════════════════════╣
║          예상 월 수익: 보수적 +7.8% | 기본 +13.4% | 균형 +18.3% | 적극 +33.6%          ║
╚══════════════════════════════════════════════════════════════════════════╝


╔══════════════════════════════════════════════════════════════════════════╗
║                      CopyPerp 4전략 실시간 페이퍼트레이딩 대시보드                       ║
║           시작: 2026-03-19 04:05 | 경과: 0h 13m | 갱신: 04:18:52 UTC           ║
╠══════════════════════════════════════════════════════════════════════════╣
║ 전략                   자산       PnL      ROI      연환산     승률    포지션 ║
╠══════════════════════════════════════════════════════════════════════════╣
║ ⚡ 적극적        $10,022.04    +22.04  +0.220% +8969.8%   100%     0개 📡║
║ 📊 균형         $10,012.80    +12.80  +0.128% +5302.8%   100%     0개 📡║
║ ⚖️ 기본        $10,004.28     +4.28  +0.043% +1717.9%   100%     0개 📡║
║ 🛡 보수적        $10,002.43     +2.43  +0.024%  +977.8%   100%     0개 📡║
╠══════════════════════════════════════════════════════════════════════════╣
║          예상 월 수익: 보수적 +7.8% | 기본 +13.4% | 균형 +18.3% | 적극 +33.6%          ║
╚══════════════════════════════════════════════════════════════════════════╝


╔══════════════════════════════════════════════════════════════════════════╗
║                      CopyPerp 4전략 실시간 페이퍼트레이딩 대시보드                       ║
║           시작: 2026-03-19 04:05 | 경과: 0h 14m | 갱신: 04:19:52 UTC           ║
╠══════════════════════════════════════════════════════════════════════════╣
║ 전략                   자산       PnL      ROI      연환산     승률    포지션 ║
╠══════════════════════════════════════════════════════════════════════════╣
║ ⚡ 적극적        $10,023.74    +23.74  +0.237% +8946.3%   100%     0개 📡║
║ 📊 균형         $10,013.79    +13.79  +0.138% +5288.4%   100%     0개 📡║
║ ⚖️ 기본        $10,004.60     +4.60  +0.046% +1713.5%   100%     0개 📡║
║ 🛡 보수적        $10,002.61     +2.61  +0.026%  +975.2%   100%     0개 📡║
╠══════════════════════════════════════════════════════════════════════════╣
║          예상 월 수익: 보수적 +7.8% | 기본 +13.4% | 균형 +18.3% | 적극 +33.6%          ║
╚══════════════════════════════════════════════════════════════════════════╝


╔══════════════════════════════════════════════════════════════════════════╗
║                      CopyPerp 4전략 실시간 페이퍼트레이딩 대시보드                       ║
║           시작: 2026-03-19 04:05 | 경과: 0h 15m | 갱신: 04:20:52 UTC           ║
╠══════════════════════════════════════════════════════════════════════════╣
║ 전략                   자산       PnL      ROI      연환산     승률    포지션 ║
╠══════════════════════════════════════════════════════════════════════════╣
║ ⚡ 적극적        $10,025.43    +25.43  +0.254% +8926.0%   100%     0개 📡║
║ 📊 균형         $10,014.77    +14.77  +0.148% +5276.0%   100%     0개 📡║
║ ⚖️ 기본        $10,004.92     +4.92  +0.049% +1709.6%   100%     0개 📡║
║ 🛡 보수적        $10,002.79     +2.79  +0.028%  +973.0%   100%     0개 📡║
╠══════════════════════════════════════════════════════════════════════════╣
║          예상 월 수익: 보수적 +7.8% | 기본 +13.4% | 균형 +18.3% | 적극 +33.6%          ║
╚══════════════════════════════════════════════════════════════════════════╝


╔══════════════════════════════════════════════════════════════════════════╗
║                      CopyPerp 4전략 실시간 페이퍼트레이딩 대시보드                       ║
║           시작: 2026-03-19 04:05 | 경과: 0h 16m | 갱신: 04:21:52 UTC           ║
╠══════════════════════════════════════════════════════════════════════════╣
║ 전략                   자산       PnL      ROI      연환산     승률    포지션 ║
╠══════════════════════════════════════════════════════════════════════════╣
║ ⚡ 적극적        $10,027.13    +27.13  +0.271% +8908.4%   100%     0개 📡║
║ 📊 균형         $10,015.76    +15.76  +0.158% +5265.2%   100%     0개 📡║
║ ⚖️ 기본        $10,005.23     +5.23  +0.052% +1706.2%   100%     0개 📡║
║ 🛡 보수적        $10,002.97     +2.97  +0.030%  +971.1%   100%     0개 📡║
╠══════════════════════════════════════════════════════════════════════════╣
║          예상 월 수익: 보수적 +7.8% | 기본 +13.4% | 균형 +18.3% | 적극 +33.6%          ║
╚══════════════════════════════════════════════════════════════════════════╝


╔══════════════════════════════════════════════════════════════════════════╗
║                      CopyPerp 4전략 실시간 페이퍼트레이딩 대시보드                       ║
║           시작: 2026-03-19 04:05 | 경과: 0h 17m | 갱신: 04:22:52 UTC           ║
╠══════════════════════════════════════════════════════════════════════════╣
║ 전략                   자산       PnL      ROI      연환산     승률    포지션 ║
╠══════════════════════════════════════════════════════════════════════════╣
║ ⚡ 적극적        $10,028.82    +28.82  +0.288% +8892.9%   100%     0개 📡║
║ 📊 균형         $10,016.74    +16.74  +0.167% +5255.7%   100%     0개 📡║
║ ⚖️ 기본        $10,005.55     +5.55  +0.056% +1703.3%   100%     0개 📡║
║ 🛡 보수적        $10,003.15     +3.15  +0.032%  +969.3%   100%     0개 📡║
╠══════════════════════════════════════════════════════════════════════════╣
║          예상 월 수익: 보수적 +7.8% | 기본 +13.4% | 균형 +18.3% | 적극 +33.6%          ║
╚══════════════════════════════════════════════════════════════════════════╝


╔══════════════════════════════════════════════════════════════════════════╗
║                      CopyPerp 4전략 실시간 페이퍼트레이딩 대시보드                       ║
║           시작: 2026-03-19 04:05 | 경과: 0h 18m | 갱신: 04:23:52 UTC           ║
╠══════════════════════════════════════════════════════════════════════════╣
║ 전략                   자산       PnL      ROI      연환산     승률    포지션 ║
╠══════════════════════════════════════════════════════════════════════════╣
║ ⚡ 적극적        $10,030.52    +30.52  +0.305% +8879.1%   100%     0개 📡║
║ 📊 균형         $10,017.73    +17.73  +0.177% +5247.3%   100%     0개 📡║
║ ⚖️ 기본        $10,005.87     +5.87  +0.059% +1700.6%   100%     0개 📡║
║ 🛡 보수적        $10,003.33     +3.33  +0.033%  +967.8%   100%     0개 📡║
╠══════════════════════════════════════════════════════════════════════════╣
║          예상 월 수익: 보수적 +7.8% | 기본 +13.4% | 균형 +18.3% | 적극 +33.6%          ║
╚══════════════════════════════════════════════════════════════════════════╝


╔══════════════════════════════════════════════════════════════════════════╗
║                      CopyPerp 4전략 실시간 페이퍼트레이딩 대시보드                       ║
║           시작: 2026-03-19 04:05 | 경과: 0h 19m | 갱신: 04:24:52 UTC           ║
╠══════════════════════════════════════════════════════════════════════════╣
║ 전략                   자산       PnL      ROI      연환산     승률    포지션 ║
╠══════════════════════════════════════════════════════════════════════════╣
║ ⚡ 적극적        $10,032.22    +32.22  +0.322% +8866.8%   100%     0개 📡║
║ 📊 균형         $10,018.71    +18.71  +0.187% +5239.8%   100%     0개 📡║
║ ⚖️ 기본        $10,006.18     +6.18  +0.062% +1698.3%   100%     0개 📡║
║ 🛡 보수적        $10,003.51     +3.51  +0.035%  +966.4%   100%     0개 📡║
╠══════════════════════════════════════════════════════════════════════════╣
║          예상 월 수익: 보수적 +7.8% | 기본 +13.4% | 균형 +18.3% | 적극 +33.6%          ║
╚══════════════════════════════════════════════════════════════════════════╝


╔══════════════════════════════════════════════════════════════════════════╗
║                      CopyPerp 4전략 실시간 페이퍼트레이딩 대시보드                       ║
║           시작: 2026-03-19 04:05 | 경과: 0h 20m | 갱신: 04:25:52 UTC           ║
╠══════════════════════════════════════════════════════════════════════════╣
║ 전략                   자산       PnL      ROI      연환산     승률    포지션 ║
╠══════════════════════════════════════════════════════════════════════════╣
║ ⚡ 적극적        $10,033.91    +33.91  +0.339% +8855.8%   100%     0개 📡║
║ 📊 균형         $10,019.70    +19.70  +0.197% +5233.1%   100%     0개 📡║
║ ⚖️ 기본        $10,006.34     +6.34  +0.063% +1697.2%   100%     0개 📡║
║ 🛡 보수적        $10,003.69     +3.69  +0.037%  +965.2%   100%     0개 📡║
╠══════════════════════════════════════════════════════════════════════════╣
║          예상 월 수익: 보수적 +7.8% | 기본 +13.4% | 균형 +18.3% | 적극 +33.6%          ║
╚══════════════════════════════════════════════════════════════════════════╝


╔══════════════════════════════════════════════════════════════════════════╗
║                      CopyPerp 4전략 실시간 페이퍼트레이딩 대시보드                       ║
║           시작: 2026-03-19 04:05 | 경과: 0h 21m | 갱신: 04:26:52 UTC           ║
╠══════════════════════════════════════════════════════════════════════════╣
║ 전략                   자산       PnL      ROI      연환산     승률    포지션 ║
╠══════════════════════════════════════════════════════════════════════════╣
║ ⚡ 적극적        $10,034.76    +34.76  +0.348% +8850.7%   100%     0개 📡║
║ 📊 균형         $10,020.68    +20.68  +0.207% +5227.0%   100%     0개 📡║
║ ⚖️ 기본        $10,006.66     +6.66  +0.067% +1695.2%   100%     0개 📡║
║ 🛡 보수적        $10,003.87     +3.87  +0.039%  +964.1%   100%     0개 📡║
╠══════════════════════════════════════════════════════════════════════════╣
║          예상 월 수익: 보수적 +7.8% | 기본 +13.4% | 균형 +18.3% | 적극 +33.6%          ║
╚══════════════════════════════════════════════════════════════════════════╝


╔══════════════════════════════════════════════════════════════════════════╗
║                      CopyPerp 4전략 실시간 페이퍼트레이딩 대시보드                       ║
║           시작: 2026-03-19 04:05 | 경과: 0h 22m | 갱신: 04:27:52 UTC           ║
╠══════════════════════════════════════════════════════════════════════════╣
║ 전략                   자산       PnL      ROI      연환산     승률    포지션 ║
╠══════════════════════════════════════════════════════════════════════════╣
║ ⚡ 적극적        $10,036.45    +36.45  +0.364% +8841.3%   100%     0개 📡║
║ 📊 균형         $10,021.67    +21.67  +0.217% +5221.5%   100%     0개 📡║
║ ⚖️ 기본        $10,006.98     +6.98  +0.070% +1693.3%   100%     0개 📡║
║ 🛡 보수적        $10,004.04     +4.04  +0.040%  +963.1%   100%     0개 📡║
╠══════════════════════════════════════════════════════════════════════════╣
║          예상 월 수익: 보수적 +7.8% | 기본 +13.4% | 균형 +18.3% | 적극 +33.6%          ║
╚══════════════════════════════════════════════════════════════════════════╝


╔══════════════════════════════════════════════════════════════════════════╗
║                      CopyPerp 4전략 실시간 페이퍼트레이딩 대시보드                       ║
║           시작: 2026-03-19 04:05 | 경과: 0h 23m | 갱신: 04:28:52 UTC           ║
╠══════════════════════════════════════════════════════════════════════════╣
║ 전략                   자산       PnL      ROI      연환산     승률    포지션 ║
╠══════════════════════════════════════════════════════════════════════════╣
║ ⚡ 적극적        $10,038.15    +38.15  +0.382% +8832.6%   100%     0개 📡║
║ 📊 균형         $10,022.65    +22.65  +0.227% +5216.4%   100%     0개 📡║
║ ⚖️ 기본        $10,007.29     +7.29  +0.073% +1691.7%   100%     0개 📡║
║ 🛡 보수적        $10,004.22     +4.22  +0.042%  +962.1%   100%     0개 📡║
╠══════════════════════════════════════════════════════════════════════════╣
║          예상 월 수익: 보수적 +7.8% | 기본 +13.4% | 균형 +18.3% | 적극 +33.6%          ║
╚══════════════════════════════════════════════════════════════════════════╝


╔══════════════════════════════════════════════════════════════════════════╗
║                      CopyPerp 4전략 실시간 페이퍼트레이딩 대시보드                       ║
║           시작: 2026-03-19 04:05 | 경과: 0h 24m | 갱신: 04:29:52 UTC           ║
╠══════════════════════════════════════════════════════════════════════════╣
║ 전략                   자산       PnL      ROI      연환산     승률    포지션 ║
╠══════════════════════════════════════════════════════════════════════════╣
║ ⚡ 적극적        $10,039.85    +39.85  +0.399% +8824.8%   100%     0개 📡║
║ 📊 균형         $10,023.64    +23.64  +0.236% +5211.9%   100%     0개 📡║
║ ⚖️ 기본        $10,007.61     +7.61  +0.076% +1690.1%   100%     0개 📡║
║ 🛡 보수적        $10,004.40     +4.40  +0.044%  +961.3%   100%     0개 📡║
╠══════════════════════════════════════════════════════════════════════════╣
║          예상 월 수익: 보수적 +7.8% | 기본 +13.4% | 균형 +18.3% | 적극 +33.6%          ║
╚══════════════════════════════════════════════════════════════════════════╝


╔══════════════════════════════════════════════════════════════════════════╗
║                      CopyPerp 4전략 실시간 페이퍼트레이딩 대시보드                       ║
║           시작: 2026-03-19 04:05 | 경과: 0h 25m | 갱신: 04:30:52 UTC           ║
╠══════════════════════════════════════════════════════════════════════════╣
║ 전략                   자산       PnL      ROI      연환산     승률    포지션 ║
╠══════════════════════════════════════════════════════════════════════════╣
║ ⚡ 적극적        $10,041.54    +41.54  +0.415% +8817.6%   100%     0개 📡║
║ 📊 균형         $10,024.62    +24.62  +0.246% +5207.6%   100%     0개 📡║
║ ⚖️ 기본        $10,007.93     +7.93  +0.079% +1688.7%   100%     0개 📡║
║ 🛡 보수적        $10,004.58     +4.58  +0.046%  +960.5%   100%     0개 📡║
╠══════════════════════════════════════════════════════════════════════════╣
║          예상 월 수익: 보수적 +7.8% | 기본 +13.4% | 균형 +18.3% | 적극 +33.6%          ║
╚══════════════════════════════════════════════════════════════════════════╝


╔══════════════════════════════════════════════════════════════════════════╗
║                      CopyPerp 4전략 실시간 페이퍼트레이딩 대시보드                       ║
║           시작: 2026-03-19 04:05 | 경과: 0h 26m | 갱신: 04:31:53 UTC           ║
╠══════════════════════════════════════════════════════════════════════════╣
║ 전략                   자산       PnL      ROI      연환산     승률    포지션 ║
╠══════════════════════════════════════════════════════════════════════════╣
║ ⚡ 적극적        $10,043.24    +43.24  +0.432% +8811.0%   100%     0개 📡║
║ 📊 균형         $10,025.61    +25.61  +0.256% +5203.7%   100%     0개 📡║
║ ⚖️ 기본        $10,008.25     +8.25  +0.083% +1687.4%   100%     0개 📡║
║ 🛡 보수적        $10,004.76     +4.76  +0.048%  +959.8%   100%     0개 📡║
╠══════════════════════════════════════════════════════════════════════════╣
║          예상 월 수익: 보수적 +7.8% | 기본 +13.4% | 균형 +18.3% | 적극 +33.6%          ║
╚══════════════════════════════════════════════════════════════════════════╝


╔══════════════════════════════════════════════════════════════════════════╗
║                      CopyPerp 4전략 실시간 페이퍼트레이딩 대시보드                       ║
║           시작: 2026-03-19 04:05 | 경과: 0h 27m | 갱신: 04:32:53 UTC           ║
╠══════════════════════════════════════════════════════════════════════════╣
║ 전략                   자산       PnL      ROI      연환산     승률    포지션 ║
╠══════════════════════════════════════════════════════════════════════════╣
║ ⚡ 적극적        $10,044.93    +44.93  +0.449% +8804.9%   100%     0개 📡║
║ 📊 균형         $10,026.59    +26.59  +0.266% +5200.1%   100%     0개 📡║
║ ⚖️ 기본        $10,008.56     +8.56  +0.086% +1686.2%   100%     0개 📡║
║ 🛡 보수적        $10,004.94     +4.94  +0.049%  +959.1%   100%     0개 📡║
╠══════════════════════════════════════════════════════════════════════════╣
║          예상 월 수익: 보수적 +7.8% | 기본 +13.4% | 균형 +18.3% | 적극 +33.6%          ║
╚══════════════════════════════════════════════════════════════════════════╝


╔══════════════════════════════════════════════════════════════════════════╗
║                      CopyPerp 4전략 실시간 페이퍼트레이딩 대시보드                       ║
║           시작: 2026-03-19 04:05 | 경과: 0h 28m | 갱신: 04:33:53 UTC           ║
╠══════════════════════════════════════════════════════════════════════════╣
║ 전략                   자산       PnL      ROI      연환산     승률    포지션 ║
╠══════════════════════════════════════════════════════════════════════════╣
║ ⚡ 적극적        $10,046.63    +46.63  +0.466% +8799.2%   100%     0개 📡║
║ 📊 균형         $10,027.58    +27.58  +0.276% +5196.8%   100%     0개 📡║
║ ⚖️ 기본        $10,008.88     +8.88  +0.089% +1685.1%   100%     0개 📡║
║ 🛡 보수적        $10,005.12     +5.12  +0.051%  +958.5%   100%     0개 📡║
╠══════════════════════════════════════════════════════════════════════════╣
║          예상 월 수익: 보수적 +7.8% | 기본 +13.4% | 균형 +18.3% | 적극 +33.6%          ║
╚══════════════════════════════════════════════════════════════════════════╝

