[Thu Mar 19 02:37:08 Asia 2026] CopyPerp Mainnet 추적 데몬 시작
[Thu Mar 19 02:37:08 Asia 2026] 작업 디렉토리: /root/.openclaw/workspace/paperclip-company/projects/pacifica-hackathon/copy-perp
[Thu Mar 19 02:37:08 Asia 2026] ▶ mainnet_tracker.py 실행 중...
02:37:08 [INFO] === Mainnet 스냅샷 수집 시작: 2026-03-19T02:37:08 ===
02:37:08 [INFO] Tier1 트레이더 17명 로드
02:37:08 [INFO] API 연결 테스트 중...
02:37:08 [INFO] ✅ API 연결 성공 — 실시간 데이터 수집
02:37:08 [INFO]   [1/17] EcX5xSDT45Nvhi2g... 수집 중
02:37:08 [INFO]   [2/17] 4UBH19qUbXEaqyz9... 수집 중
02:37:09 [INFO]   [3/17] A6VY4ZBUohgSLkwM... 수집 중
02:37:09 [INFO]   [4/17] 7gV81bz99MUBVb2a... 수집 중
02:37:10 [INFO]   [5/17] 7C3sXQ6KvXJLkYGw... 수집 중
02:37:10 [INFO]   [6/17] 3rXoG6i55P7D1Q3t... 수집 중
02:37:10 [INFO]   [7/17] E1vabqxiuUfB29BA... 수집 중
02:37:11 [INFO]   [8/17] 5BPd5WYVvDE2kHMj... 수집 중
02:37:11 [INFO]   [9/17] 9XCVb4SQVADNeE6H... 수집 중
02:37:12 [INFO]   [10/17] 7kDTQZPTnaCidXZw... 수집 중
02:37:12 [INFO]   [11/17] EYhhf8u9M6kN9tCR... 수집 중
02:37:14 [INFO]   [12/17] HcG1FFVfeW7Q8vpw... 수집 중
02:37:14 [INFO]   [13/17] 8r5HRJeSScGX1TB9... 수집 중
02:37:16 [INFO]   [14/17] DThxt2yhDvJv9KU9... 수집 중
02:37:17 [INFO]   [15/17] FuHMGqdrn77u944F... 수집 중
02:37:17 [INFO]   [16/17] AF5a28meHjecM4dN... 수집 중
02:37:18 [INFO]   [17/17] A4XbPsH59TWjp6vx... 수집 중
02:37:18 [INFO] ✅ 스냅샷 저장 완료: /root/.openclaw/workspace/paperclip-company/projects/pacifica-hackathon/copy-perp/results/mainnet_snapshots/2026-03-19_02.json
02:37:18 [INFO]    실시간 API: 17명 | 폴백: 0명

📸 스냅샷 저장: /root/.openclaw/workspace/paperclip-company/projects/pacifica-hackathon/copy-perp/results/mainnet_snapshots/2026-03-19_02.json
   트레이더: 17명
   데이터 소스: mainnet_live
   실시간: 17명 | 폴백: 0명
[Thu Mar 19 02:37:18 Asia 2026] ▶ analyze_accumulated.py 실행 중...

============================================================
=== CopyPerp 누적 분석 리포트 ===
============================================================
스냅샷 수: 1개
분석 방법: 단일 스냅샷 기반 월간 추정

[등급별 팔로워 PnL]
등급       트레이더수      평균PnL        합계PnL
----------------------------------------
S            1명      +783$        +783$
A            3명      +375$       +1126$
B           12명      +156$       +1873$
C            1명        +0$          +0$

[전체 포트폴리오 PnL 합계]
  S+A+B 전체: +$3782 (37.8%)
  S+A만:      +$1909 (19.1%)

✅ 리포트 저장: /root/.openclaw/workspace/paperclip-company/projects/pacifica-hackathon/copy-perp/results/accumulated_report_2026-03-19.json
============================================================
[Thu Mar 19 02:37:18 Asia 2026] ✅ 사이클 완료. 다음 수집까지 3600초 대기...
[Thu Mar 19 03:37:18 Asia 2026] ▶ mainnet_tracker.py 실행 중...
03:37:18 [INFO] === Mainnet 스냅샷 수집 시작: 2026-03-19T03:37:18 ===
03:37:18 [INFO] Tier1 트레이더 17명 로드
03:37:18 [INFO] API 연결 테스트 중...
03:37:19 [INFO] ✅ API 연결 성공 — 실시간 데이터 수집
03:37:19 [INFO]   [1/17] EcX5xSDT45Nvhi2g... 수집 중
03:37:19 [INFO]   [2/17] 4UBH19qUbXEaqyz9... 수집 중
03:37:19 [INFO]   [3/17] A6VY4ZBUohgSLkwM... 수집 중
03:37:20 [INFO]   [4/17] 7gV81bz99MUBVb2a... 수집 중
03:37:20 [INFO]   [5/17] 7C3sXQ6KvXJLkYGw... 수집 중
03:37:21 [INFO]   [6/17] 3rXoG6i55P7D1Q3t... 수집 중
03:37:21 [INFO]   [7/17] E1vabqxiuUfB29BA... 수집 중
03:37:22 [INFO]   [8/17] 5BPd5WYVvDE2kHMj... 수집 중
03:37:22 [INFO]   [9/17] 9XCVb4SQVADNeE6H... 수집 중
03:37:23 [INFO]   [10/17] 7kDTQZPTnaCidXZw... 수집 중
03:37:24 [INFO]   [11/17] EYhhf8u9M6kN9tCR... 수집 중
03:37:24 [INFO]   [12/17] HcG1FFVfeW7Q8vpw... 수집 중
03:37:24 [INFO]   [13/17] 8r5HRJeSScGX1TB9... 수집 중
03:37:25 [INFO]   [14/17] DThxt2yhDvJv9KU9... 수집 중
03:37:25 [INFO]   [15/17] FuHMGqdrn77u944F... 수집 중
03:37:26 [INFO]   [16/17] AF5a28meHjecM4dN... 수집 중
03:37:26 [INFO]   [17/17] A4XbPsH59TWjp6vx... 수집 중
03:37:27 [INFO] ✅ 스냅샷 저장 완료: /root/.openclaw/workspace/paperclip-company/projects/pacifica-hackathon/copy-perp/results/mainnet_snapshots/2026-03-19_03.json
03:37:27 [INFO]    실시간 API: 17명 | 폴백: 0명

📸 스냅샷 저장: /root/.openclaw/workspace/paperclip-company/projects/pacifica-hackathon/copy-perp/results/mainnet_snapshots/2026-03-19_03.json
   트레이더: 17명
   데이터 소스: mainnet_live
   실시간: 17명 | 폴백: 0명
[Thu Mar 19 03:37:27 Asia 2026] ▶ analyze_accumulated.py 실행 중...

============================================================
=== CopyPerp 누적 분석 리포트 ===
============================================================
스냅샷 수: 2개
분석 방법: 다중 스냅샷 delta 기반 정밀 계산

[등급별 팔로워 PnL]
등급       트레이더수      평균PnL        합계PnL
----------------------------------------
S            1명        +0$          +0$
A            3명        +0$          +0$
B           12명        +0$          +0$
C            1명        +0$          +0$

[전체 포트폴리오 PnL 합계]
  S+A+B 전체: +$0 (0.0%)
  S+A만:      +$0 (0.0%)

✅ 리포트 저장: /root/.openclaw/workspace/paperclip-company/projects/pacifica-hackathon/copy-perp/results/accumulated_report_2026-03-19.json
============================================================
[Thu Mar 19 03:37:27 Asia 2026] ✅ 사이클 완료. 다음 수집까지 3600초 대기...
[Thu Mar 19 04:37:27 Asia 2026] ▶ mainnet_tracker.py 실행 중...
04:37:27 [INFO] === Mainnet 스냅샷 수집 시작: 2026-03-19T04:37:27 ===
04:37:27 [INFO] Tier1 트레이더 17명 로드
04:37:27 [INFO] API 연결 테스트 중...
04:37:27 [INFO] ✅ API 연결 성공 — 실시간 데이터 수집
04:37:27 [INFO]   [1/17] EcX5xSDT45Nvhi2g... 수집 중
04:37:27 [INFO]   [2/17] 4UBH19qUbXEaqyz9... 수집 중
04:37:28 [INFO]   [3/17] A6VY4ZBUohgSLkwM... 수집 중
04:37:28 [INFO]   [4/17] 7gV81bz99MUBVb2a... 수집 중
04:37:29 [INFO]   [5/17] 7C3sXQ6KvXJLkYGw... 수집 중
04:37:29 [INFO]   [6/17] 3rXoG6i55P7D1Q3t... 수집 중
04:37:30 [INFO]   [7/17] E1vabqxiuUfB29BA... 수집 중
04:37:30 [INFO]   [8/17] 5BPd5WYVvDE2kHMj... 수집 중
04:37:31 [INFO]   [9/17] 9XCVb4SQVADNeE6H... 수집 중
04:37:31 [INFO]   [10/17] 7kDTQZPTnaCidXZw... 수집 중
04:37:31 [INFO]   [11/17] EYhhf8u9M6kN9tCR... 수집 중
04:37:32 [INFO]   [12/17] HcG1FFVfeW7Q8vpw... 수집 중
04:37:32 [INFO]   [13/17] 8r5HRJeSScGX1TB9... 수집 중
04:37:33 [INFO]   [14/17] DThxt2yhDvJv9KU9... 수집 중
04:37:33 [INFO]   [15/17] FuHMGqdrn77u944F... 수집 중
04:37:34 [INFO]   [16/17] AF5a28meHjecM4dN... 수집 중
04:37:34 [INFO]   [17/17] A4XbPsH59TWjp6vx... 수집 중
04:37:35 [INFO] ✅ 스냅샷 저장 완료: /root/.openclaw/workspace/paperclip-company/projects/pacifica-hackathon/copy-perp/results/mainnet_snapshots/2026-03-19_04.json
04:37:35 [INFO]    실시간 API: 17명 | 폴백: 0명

📸 스냅샷 저장: /root/.openclaw/workspace/paperclip-company/projects/pacifica-hackathon/copy-perp/results/mainnet_snapshots/2026-03-19_04.json
   트레이더: 17명
   데이터 소스: mainnet_live
   실시간: 17명 | 폴백: 0명
[Thu Mar 19 04:37:35 Asia 2026] ▶ analyze_accumulated.py 실행 중...

============================================================
=== CopyPerp 누적 분석 리포트 ===
============================================================
스냅샷 수: 3개
분석 방법: 다중 스냅샷 delta 기반 정밀 계산

[등급별 팔로워 PnL]
등급       트레이더수      평균PnL        합계PnL
----------------------------------------
S            1명        +0$          +0$
A            3명        +0$          +0$
B           12명        +0$          +0$
C            1명        +0$          +0$

[전체 포트폴리오 PnL 합계]
  S+A+B 전체: +$0 (0.0%)
  S+A만:      +$0 (0.0%)

✅ 리포트 저장: /root/.openclaw/workspace/paperclip-company/projects/pacifica-hackathon/copy-perp/results/accumulated_report_2026-03-19.json
============================================================
[Thu Mar 19 04:37:35 Asia 2026] ✅ 사이클 완료. 다음 수집까지 3600초 대기...
[Thu Mar 19 05:37:35 Asia 2026] ▶ mainnet_tracker.py 실행 중...
05:37:35 [INFO] === Mainnet 스냅샷 수집 시작: 2026-03-19T05:37:35 ===
05:37:35 [INFO] Tier1 트레이더 17명 로드
05:37:35 [INFO] API 연결 테스트 중...
05:37:35 [INFO] ✅ API 연결 성공 — 실시간 데이터 수집
05:37:35 [INFO]   [1/17] EcX5xSDT45Nvhi2g... 수집 중
05:37:35 [INFO]   [2/17] 4UBH19qUbXEaqyz9... 수집 중
05:37:36 [INFO]   [3/17] A6VY4ZBUohgSLkwM... 수집 중
05:37:36 [INFO]   [4/17] 7gV81bz99MUBVb2a... 수집 중
05:37:37 [INFO]   [5/17] 7C3sXQ6KvXJLkYGw... 수집 중
05:37:37 [INFO]   [6/17] 3rXoG6i55P7D1Q3t... 수집 중
05:37:38 [INFO]   [7/17] E1vabqxiuUfB29BA... 수집 중
05:37:38 [INFO]   [8/17] 5BPd5WYVvDE2kHMj... 수집 중
05:37:39 [INFO]   [9/17] 9XCVb4SQVADNeE6H... 수집 중
05:37:39 [INFO]   [10/17] 7kDTQZPTnaCidXZw... 수집 중
05:37:39 [INFO]   [11/17] EYhhf8u9M6kN9tCR... 수집 중
05:37:40 [INFO]   [12/17] HcG1FFVfeW7Q8vpw... 수집 중
05:37:40 [INFO]   [13/17] 8r5HRJeSScGX1TB9... 수집 중
05:37:41 [INFO]   [14/17] DThxt2yhDvJv9KU9... 수집 중
05:37:42 [INFO]   [15/17] FuHMGqdrn77u944F... 수집 중
05:37:42 [INFO]   [16/17] AF5a28meHjecM4dN... 수집 중
05:37:43 [INFO]   [17/17] A4XbPsH59TWjp6vx... 수집 중
05:37:43 [INFO] ✅ 스냅샷 저장 완료: /root/.openclaw/workspace/paperclip-company/projects/pacifica-hackathon/copy-perp/results/mainnet_snapshots/2026-03-19_05.json
05:37:43 [INFO]    실시간 API: 17명 | 폴백: 0명

📸 스냅샷 저장: /root/.openclaw/workspace/paperclip-company/projects/pacifica-hackathon/copy-perp/results/mainnet_snapshots/2026-03-19_05.json
   트레이더: 17명
   데이터 소스: mainnet_live
   실시간: 17명 | 폴백: 0명
[Thu Mar 19 05:37:43 Asia 2026] ▶ analyze_accumulated.py 실행 중...

============================================================
=== CopyPerp 누적 분석 리포트 ===
============================================================
스냅샷 수: 4개
분석 방법: 다중 스냅샷 delta 기반 정밀 계산

[등급별 팔로워 PnL]
등급       트레이더수      평균PnL        합계PnL
----------------------------------------
S            1명        +0$          +0$
A            3명        +0$          +0$
B           12명        +0$          +0$
C            1명        +0$          +0$

[전체 포트폴리오 PnL 합계]
  S+A+B 전체: +$0 (0.0%)
  S+A만:      +$0 (0.0%)

✅ 리포트 저장: /root/.openclaw/workspace/paperclip-company/projects/pacifica-hackathon/copy-perp/results/accumulated_report_2026-03-19.json
============================================================
[Thu Mar 19 05:37:43 Asia 2026] ✅ 사이클 완료. 다음 수집까지 3600초 대기...
 | 폴백: 0명

📸 스냅샷 저장: /root/.openclaw/workspace/paperclip-company/projects/pacifica-hackathon/copy-perp/results/mainnet_snapshots/2026-03-19_03.json
   트레이더: 17명
   데이터 소스: mainnet_live
   실시간: 17명 | 폴백: 0명
03:38:15 [INFO] ✅ 스냅샷 저장 완료: /root/.openclaw/workspace/paperclip-company/projects/pacifica-hackathon/copy-perp/results/mainnet_snapshots/2026-03-19_03.json
03:38:15 [INFO]    실시간 API: 17명 | 폴백: 0명

📸 스냅샷 저장: /root/.openclaw/workspace/paperclip-company/projects/pacifica-hackathon/copy-perp/results/mainnet_snapshots/2026-03-19_03.json
   트레이더: 17명
   데이터 소스: mainnet_live
   실시간: 17명 | 폴백: 0명
[Thu Mar 19 03:38:15 Asia 2026] ▶ analyze_accumulated.py 실행 중...
[Thu Mar 19 03:38:15 Asia 2026] ▶ analyze_accumulated.py 실행 중...

============================================================
=== CopyPerp 누적 분석 리포트 ===
============================================================
스냅샷 수: 2개
분석 방법: 다중 스냅샷 delta 기반 정밀 계산

[등급별 팔로워 PnL]
등급       트레이더수      평균PnL        합계PnL
----------------------------------------
S            1명        +0$          +0$
A            3명        +0$          +0$
B           12명        +0$          +0$
C            1명        +0$          +0$

[전체 포트폴리오 PnL 합계]
  S+A+B 전체: +$0 (0.0%)
  S+A만:      +$0 (0.0%)

✅ 리포트 저장: /root/.openclaw/workspace/paperclip-company/projects/pacifica-hackathon/copy-perp/results/accumulated_report_2026-03-19.json
============================================================

============================================================
=== CopyPerp 누적 분석 리포트 ===
============================================================
스냅샷 수: 2개
분석 방법: 다중 스냅샷 delta 기반 정밀 계산

[등급별 팔로워 PnL]
등급       트레이더수      평균PnL        합계PnL
----------------------------------------
S            1명        +0$          +0$
A            3명        +0$          +0$
B           12명        +0$          +0$
C            1명        +0$          +0$

[전체 포트폴리오 PnL 합계]
  S+A+B 전체: +$0 (0.0%)
  S+A만:      +$0 (0.0%)

✅ 리포트 저장: /root/.openclaw/workspace/paperclip-company/projects/pacifica-hackathon/copy-perp/results/accumulated_report_2026-03-19.json
============================================================
[Thu Mar 19 03:38:15 Asia 2026] ✅ 사이클 완료. 다음 수집까지 3600초 대기...
[Thu Mar 19 03:38:15 Asia 2026] ✅ 사이클 완료. 다음 수집까지 3600초 대기...
[Thu Mar 19 04:38:15 Asia 2026] ▶ mainnet_tracker.py 실행 중...
[Thu Mar 19 04:38:15 Asia 2026] ▶ mainnet_tracker.py 실행 중...
04:38:15 [INFO] === Mainnet 스냅샷 수집 시작: 2026-03-19T04:38:15 ===
04:38:15 [INFO] Tier1 트레이더 17명 로드
04:38:15 [INFO] API 연결 테스트 중...
04:38:15 [INFO] === Mainnet 스냅샷 수집 시작: 2026-03-19T04:38:15 ===
04:38:15 [INFO] Tier1 트레이더 17명 로드
04:38:15 [INFO] API 연결 테스트 중...
04:38:15 [INFO] ✅ API 연결 성공 — 실시간 데이터 수집
04:38:15 [INFO]   [1/17] EcX5xSDT45Nvhi2g... 수집 중
04:38:15 [INFO] ✅ API 연결 성공 — 실시간 데이터 수집
04:38:15 [INFO]   [1/17] EcX5xSDT45Nvhi2g... 수집 중
04:38:15 [INFO]   [2/17] 4UBH19qUbXEaqyz9... 수집 중
04:38:15 [INFO]   [2/17] 4UBH19qUbXEaqyz9... 수집 중
04:38:16 [INFO]   [3/17] A6VY4ZBUohgSLkwM... 수집 중
04:38:16 [INFO]   [3/17] A6VY4ZBUohgSLkwM... 수집 중
04:38:16 [INFO]   [4/17] 7gV81bz99MUBVb2a... 수집 중
04:38:16 [INFO]   [4/17] 7gV81bz99MUBVb2a... 수집 중
04:38:17 [INFO]   [5/17] 7C3sXQ6KvXJLkYGw... 수집 중
04:38:17 [INFO]   [5/17] 7C3sXQ6KvXJLkYGw... 수집 중
04:38:17 [INFO]   [6/17] 3rXoG6i55P7D1Q3t... 수집 중
04:38:18 [INFO]   [6/17] 3rXoG6i55P7D1Q3t... 수집 중
04:38:18 [INFO]   [7/17] E1vabqxiuUfB29BA... 수집 중
04:38:18 [INFO]   [7/17] E1vabqxiuUfB29BA... 수집 중
04:38:18 [INFO]   [8/17] 5BPd5WYVvDE2kHMj... 수집 중
04:38:19 [INFO]   [9/17] 9XCVb4SQVADNeE6H... 수집 중
04:38:19 [INFO]   [8/17] 5BPd5WYVvDE2kHMj... 수집 중
04:38:19 [INFO]   [10/17] 7kDTQZPTnaCidXZw... 수집 중
04:38:20 [INFO]   [9/17] 9XCVb4SQVADNeE6H... 수집 중
04:38:20 [INFO]   [11/17] EYhhf8u9M6kN9tCR... 수집 중
04:38:20 [INFO]   [10/17] 7kDTQZPTnaCidXZw... 수집 중
04:38:20 [INFO]   [12/17] HcG1FFVfeW7Q8vpw... 수집 중
04:38:21 [INFO]   [11/17] EYhhf8u9M6kN9tCR... 수집 중
04:38:21 [INFO]   [13/17] 8r5HRJeSScGX1TB9... 수집 중
04:38:21 [INFO]   [12/17] HcG1FFVfeW7Q8vpw... 수집 중
04:38:21 [INFO]   [14/17] DThxt2yhDvJv9KU9... 수집 중
04:38:21 [INFO]   [13/17] 8r5HRJeSScGX1TB9... 수집 중
04:38:22 [INFO]   [15/17] FuHMGqdrn77u944F... 수집 중
04:38:22 [INFO]   [14/17] DThxt2yhDvJv9KU9... 수집 중
04:38:22 [INFO]   [16/17] AF5a28meHjecM4dN... 수집 중
04:38:22 [INFO]   [15/17] FuHMGqdrn77u944F... 수집 중
04:38:23 [INFO]   [17/17] A4XbPsH59TWjp6vx... 수집 중
04:38:23 [INFO]   [16/17] AF5a28meHjecM4dN... 수집 중
04:38:23 [INFO] ✅ 스냅샷 저장 완료: /root/.openclaw/workspace/paperclip-company/projects/pacifica-hackathon/copy-perp/results/mainnet_snapshots/2026-03-19_04.json
04:38:23 [INFO]    실시간 API: 17명 | 폴백: 0명

📸 스냅샷 저장: /root/.openclaw/workspace/paperclip-company/projects/pacifica-hackathon/copy-perp/results/mainnet_snapshots/2026-03-19_04.json
   트레이더: 17명
   데이터 소스: mainnet_live
   실시간: 17명 | 폴백: 0명
04:38:23 [INFO]   [17/17] A4XbPsH59TWjp6vx... 수집 중
[Thu Mar 19 04:38:23 Asia 2026] ▶ analyze_accumulated.py 실행 중...

============================================================
=== CopyPerp 누적 분석 리포트 ===
============================================================
스냅샷 수: 3개
분석 방법: 다중 스냅샷 delta 기반 정밀 계산

[등급별 팔로워 PnL]
등급       트레이더수      평균PnL        합계PnL
----------------------------------------
S            1명        +0$          +0$
A            3명        +0$          +0$
B           12명        +0$          +0$
C            1명        +0$          +0$

[전체 포트폴리오 PnL 합계]
  S+A+B 전체: +$0 (0.0%)
  S+A만:      +$0 (0.0%)

✅ 리포트 저장: /root/.openclaw/workspace/paperclip-company/projects/pacifica-hackathon/copy-perp/results/accumulated_report_2026-03-19.json
============================================================
[Thu Mar 19 04:38:23 Asia 2026] ✅ 사이클 완료. 다음 수집까지 3600초 대기...
04:38:24 [INFO] ✅ 스냅샷 저장 완료: /root/.openclaw/workspace/paperclip-company/projects/pacifica-hackathon/copy-perp/results/mainnet_snapshots/2026-03-19_04.json
04:38:24 [INFO]    실시간 API: 17명 | 폴백: 0명

📸 스냅샷 저장: /root/.openclaw/workspace/paperclip-company/projects/pacifica-hackathon/copy-perp/results/mainnet_snapshots/2026-03-19_04.json
   트레이더: 17명
   데이터 소스: mainnet_live
   실시간: 17명 | 폴백: 0명
[Thu Mar 19 04:38:24 Asia 2026] ▶ analyze_accumulated.py 실행 중...

============================================================
=== CopyPerp 누적 분석 리포트 ===
============================================================
스냅샷 수: 3개
분석 방법: 다중 스냅샷 delta 기반 정밀 계산

[등급별 팔로워 PnL]
등급       트레이더수      평균PnL        합계PnL
----------------------------------------
S            1명        +0$          +0$
A            3명        +0$          +0$
B           12명        +0$          +0$
C            1명        +0$          +0$

[전체 포트폴리오 PnL 합계]
  S+A+B 전체: +$0 (0.0%)
  S+A만:      +$0 (0.0%)

✅ 리포트 저장: /root/.openclaw/workspace/paperclip-company/projects/pacifica-hackathon/copy-perp/results/accumulated_report_2026-03-19.json
============================================================
[Thu Mar 19 04:38:24 Asia 2026] ✅ 사이클 완료. 다음 수집까지 3600초 대기...
[Thu Mar 19 05:38:23 Asia 2026] ▶ mainnet_tracker.py 실행 중...
05:38:23 [INFO] === Mainnet 스냅샷 수집 시작: 2026-03-19T05:38:23 ===
05:38:23 [INFO] Tier1 트레이더 17명 로드
05:38:23 [INFO] API 연결 테스트 중...
05:38:24 [INFO] ✅ API 연결 성공 — 실시간 데이터 수집
05:38:24 [INFO]   [1/17] EcX5xSDT45Nvhi2g... 수집 중
[Thu Mar 19 05:38:24 Asia 2026] ▶ mainnet_tracker.py 실행 중...
05:38:24 [INFO] === Mainnet 스냅샷 수집 시작: 2026-03-19T05:38:24 ===
05:38:24 [INFO] Tier1 트레이더 17명 로드
05:38:24 [INFO] API 연결 테스트 중...
05:38:24 [INFO] ✅ API 연결 성공 — 실시간 데이터 수집
05:38:24 [INFO]   [1/17] EcX5xSDT45Nvhi2g... 수집 중
05:38:24 [INFO]   [2/17] 4UBH19qUbXEaqyz9... 수집 중
05:38:24 [INFO]   [2/17] 4UBH19qUbXEaqyz9... 수집 중
05:38:25 [INFO]   [3/17] A6VY4ZBUohgSLkwM... 수집 중
05:38:25 [INFO]   [3/17] A6VY4ZBUohgSLkwM... 수집 중
05:38:25 [INFO]   [4/17] 7gV81bz99MUBVb2a... 수집 중
05:38:25 [INFO]   [4/17] 7gV81bz99MUBVb2a... 수집 중
05:38:26 [INFO]   [5/17] 7C3sXQ6KvXJLkYGw... 수집 중
05:38:26 [INFO]   [5/17] 7C3sXQ6KvXJLkYGw... 수집 중
05:38:26 [INFO]   [6/17] 3rXoG6i55P7D1Q3t... 수집 중
05:38:26 [INFO]   [6/17] 3rXoG6i55P7D1Q3t... 수집 중
05:38:27 [INFO]   [7/17] E1vabqxiuUfB29BA... 수집 중
05:38:27 [INFO]   [7/17] E1vabqxiuUfB29BA... 수집 중
05:38:27 [INFO]   [8/17] 5BPd5WYVvDE2kHMj... 수집 중
05:38:27 [INFO]   [8/17] 5BPd5WYVvDE2kHMj... 수집 중
05:38:28 [INFO]   [9/17] 9XCVb4SQVADNeE6H... 수집 중
05:38:28 [INFO]   [9/17] 9XCVb4SQVADNeE6H... 수집 중
05:38:28 [INFO]   [10/17] 7kDTQZPTnaCidXZw... 수집 중
05:38:28 [INFO]   [10/17] 7kDTQZPTnaCidXZw... 수집 중
05:38:29 [INFO]   [11/17] EYhhf8u9M6kN9tCR... 수집 중
05:38:29 [INFO]   [11/17] EYhhf8u9M6kN9tCR... 수집 중
05:38:29 [INFO]   [12/17] HcG1FFVfeW7Q8vpw... 수집 중
05:38:29 [INFO]   [12/17] HcG1FFVfeW7Q8vpw... 수집 중
05:38:30 [INFO]   [13/17] 8r5HRJeSScGX1TB9... 수집 중
05:38:30 [INFO]   [14/17] DThxt2yhDvJv9KU9... 수집 중
05:38:30 [INFO]   [15/17] FuHMGqdrn77u944F... 수집 중
05:38:31 [INFO]   [13/17] 8r5HRJeSScGX1TB9... 수집 중
05:38:31 [INFO]   [16/17] AF5a28meHjecM4dN... 수집 중
05:38:31 [INFO]   [14/17] DThxt2yhDvJv9KU9... 수집 중
05:38:33 [INFO]   [17/17] A4XbPsH59TWjp6vx... 수집 중
05:38:35 [INFO]   [15/17] FuHMGqdrn77u944F... 수집 중
05:38:35 [INFO]   [16/17] AF5a28meHjecM4dN... 수집 중
05:38:36 [INFO]   [17/17] A4XbPsH59TWjp6vx... 수집 중
05:38:37 [INFO] ✅ 스냅샷 저장 완료: /root/.openclaw/workspace/paperclip-company/projects/pacifica-hackathon/copy-perp/results/mainnet_snapshots/2026-03-19_05.json
05:38:37 [INFO]    실시간 API: 17명 | 폴백: 0명

📸 스냅샷 저장: /root/.openclaw/workspace/paperclip-company/projects/pacifica-hackathon/copy-perp/results/mainnet_snapshots/2026-03-19_05.json
   트레이더: 17명
   데이터 소스: mainnet_live
   실시간: 17명 | 폴백: 0명
[Thu Mar 19 05:38:37 Asia 2026] ▶ analyze_accumulated.py 실행 중...

============================================================
=== CopyPerp 누적 분석 리포트 ===
============================================================
스냅샷 수: 4개
분석 방법: 다중 스냅샷 delta 기반 정밀 계산

[등급별 팔로워 PnL]
등급       트레이더수      평균PnL        합계PnL
----------------------------------------
S            1명        +0$          +0$
A            3명        +0$          +0$
B           12명        +0$          +0$
C            1명        +0$          +0$

[전체 포트폴리오 PnL 합계]
  S+A+B 전체: +$0 (0.0%)
  S+A만:      +$0 (0.0%)

✅ 리포트 저장: /root/.openclaw/workspace/paperclip-company/projects/pacifica-hackathon/copy-perp/results/accumulated_report_2026-03-19.json
============================================================
[Thu Mar 19 05:38:37 Asia 2026] ✅ 사이클 완료. 다음 수집까지 3600초 대기...
05:38:39 [INFO] ✅ 스냅샷 저장 완료: /root/.openclaw/workspace/paperclip-company/projects/pacifica-hackathon/copy-perp/results/mainnet_snapshots/2026-03-19_05.json
05:38:39 [INFO]    실시간 API: 17명 | 폴백: 0명

📸 스냅샷 저장: /root/.openclaw/workspace/paperclip-company/projects/pacifica-hackathon/copy-perp/results/mainnet_snapshots/2026-03-19_05.json
   트레이더: 17명
   데이터 소스: mainnet_live
   실시간: 17명 | 폴백: 0명
[Thu Mar 19 05:38:39 Asia 2026] ▶ analyze_accumulated.py 실행 중...

============================================================
=== CopyPerp 누적 분석 리포트 ===
============================================================
스냅샷 수: 4개
분석 방법: 다중 스냅샷 delta 기반 정밀 계산

[등급별 팔로워 PnL]
등급       트레이더수      평균PnL        합계PnL
----------------------------------------
S            1명        +0$          +0$
A            3명        +0$          +0$
B           12명        +0$          +0$
C            1명        +0$          +0$

[전체 포트폴리오 PnL 합계]
  S+A+B 전체: +$0 (0.0%)
  S+A만:      +$0 (0.0%)

✅ 리포트 저장: /root/.openclaw/workspace/paperclip-company/projects/pacifica-hackathon/copy-perp/results/accumulated_report_2026-03-19.json
============================================================
[Thu Mar 19 05:38:39 Asia 2026] ✅ 사이클 완료. 다음 수집까지 3600초 대기...
