
=======================================================
🔬 AutoResearch 시작  |  max=100회
=======================================================


── 실험 #1/100 ──────────────────────
📚 리서치 아이디어 수집...
   6개 아이디어 수집
✏️  scorer.py 수정...
   변경: EPT_net 가중치 +5%, PF -5%, purity 임계값 0.31 → 0.28

⏱️  시뮬레이션 (5초)...

─────────────────────────────────────────────
선별 트레이더: 5명
가중 EPT_net:  $1078.5995/trade
평균 MDD:      0.0%
follower_loss: -1078.599503  ← 낮을수록 좋음

선별된 트레이더:
  [A]                       CRS=105.2  ratio=0.094  EPT=$2906.5341
  [A]                       CRS=105.2  ratio=0.088  EPT=$157.7567
  [A]                       CRS=105.2  ratio=0.096  EPT=$785.8988
  [A]                       CRS=100.2  ratio=0.088  EPT=$1065.6946
       ⚠️ 고빈도 슬리피지 위험 (300건, 패널티=0.05)
  [A]                       CRS=100.2  ratio=0.088  EPT=$368.5656
       ⚠️ 고빈도 슬리피지 위험 (300건, 패널티=0.05)

─────────────────────────────────────────────
이전 최고: -1078.599503
현재 결과: -1078.599503
❌ 개선 없음 (+0.000000) → git revert 권장

📝 기록: autoresearch/results.jsonl
=======================================================


❌ 미개선. revert.

── 실험 #2/100 ──────────────────────
📚 리서치 아이디어 수집...
   6개 아이디어 수집
✏️  scorer.py 수정...
   변경: Purity +3%, 고빈도 페널티 활성화

⏱️  시뮬레이션 (5초)...

─────────────────────────────────────────────
선별 트레이더: 5명
가중 EPT_net:  $1078.5995/trade
평균 MDD:      0.0%
follower_loss: -1078.599503  ← 낮을수록 좋음

선별된 트레이더:
  [A]                       CRS=105.2  ratio=0.094  EPT=$2906.5341
  [A]                       CRS=105.2  ratio=0.088  EPT=$157.7567
  [A]                       CRS=105.2  ratio=0.096  EPT=$785.8988
  [A]                       CRS=100.2  ratio=0.088  EPT=$1065.6946
       ⚠️ 고빈도 슬리피지 위험 (300건, 패널티=0.05)
  [A]                       CRS=100.2  ratio=0.088  EPT=$368.5656
       ⚠️ 고빈도 슬리피지 위험 (300건, 패널티=0.05)

─────────────────────────────────────────────
이전 최고: -1078.599503
현재 결과: -1078.599503
❌ 개선 없음 (+0.000000) → git revert 권장

📝 기록: autoresearch/results.jsonl
=======================================================


❌ 미개선. revert.

── 실험 #3/100 ──────────────────────
📚 리서치 아이디어 수집...
   6개 아이디어 수집
✏️  scorer.py 수정...
   변경: w_profit_factor +0.05, w_sortino -0.05

⏱️  시뮬레이션 (5초)...

─────────────────────────────────────────────
선별 트레이더: 5명
가중 EPT_net:  $1078.5995/trade
평균 MDD:      0.0%
follower_loss: -1078.599503  ← 낮을수록 좋음

선별된 트레이더:
  [A]                       CRS=105.2  ratio=0.094  EPT=$2906.5341
  [A]                       CRS=105.2  ratio=0.088  EPT=$157.7567
  [A]                       CRS=105.2  ratio=0.096  EPT=$785.8988
  [A]                       CRS=100.2  ratio=0.088  EPT=$1065.6946
       ⚠️ 고빈도 슬리피지 위험 (300건, 패널티=0.05)
  [A]                       CRS=100.2  ratio=0.088  EPT=$368.5656
       ⚠️ 고빈도 슬리피지 위험 (300건, 패널티=0.05)

─────────────────────────────────────────────
이전 최고: -1078.599503
현재 결과: -1078.599503
❌ 개선 없음 (+0.000000) → git revert 권장

📝 기록: autoresearch/results.jsonl
=======================================================


❌ 미개선. revert.
⚡ 3회 연속 미개선 → 탐색 전략 변경

── 실험 #4/100 ──────────────────────
📚 리서치 아이디어 수집...
   6개 아이디어 수집
✏️  scorer.py 수정...
   변경: EPT_net 가중치 +5%, PF -5%
15
⏱️  시뮬레이션 (5초)...

─────────────────────────────────────────────
선별 트레이더: 5명
가중 EPT_net:  $1078.5995/trade
평균 MDD:      0.0%
follower_loss: -1078.599503  ← 낮을수록 좋음

선별된 트레이더:
  [A]                       CRS=100.2  ratio=0.094  EPT=$2906.5341
  [A]                       CRS=100.2  ratio=0.088  EPT=$157.7567
  [A]                       CRS=100.2  ratio=0.096  EPT=$785.8988
  [A]                       CRS=95.2  ratio=0.088  EPT=$1065.6946
       ⚠️ 고빈도 슬리피지 위험 (300건, 패널티=0.05)
  [A]                       CRS=95.2  ratio=0.088  EPT=$368.5656
       ⚠️ 고빈도 슬리피지 위험 (300건, 패널티=0.05)

─────────────────────────────────────────────
이전 최고: -1078.599503
현재 결과: -1078.599503
❌ 개선 없음 (+0.000000) → git revert 권장

📝 기록: autoresearch/results.jsonl
=======================================================


❌ 미개선. revert.

── 실험 #5/100 ──────────────────────
📚 리서치 아이디어 수집...
   6개 아이디어 수집
✏️  scorer.py 수정...
   변경: Purity +3%, 고빈도 페널티 활성화
15
⏱️  시뮬레이션 (5초)...

─────────────────────────────────────────────
선별 트레이더: 5명
가중 EPT_net:  $1078.5995/trade
평균 MDD:      0.0%
follower_loss: -1078.599503  ← 낮을수록 좋음

선별된 트레이더:
  [A]                       CRS=100.2  ratio=0.094  EPT=$2906.5341
  [A]                       CRS=100.2  ratio=0.088  EPT=$157.7567
  [A]                       CRS=100.2  ratio=0.096  EPT=$785.8988
  [A]                       CRS=95.2  ratio=0.088  EPT=$1065.6946
       ⚠️ 고빈도 슬리피지 위험 (300건, 패널티=0.05)
  [A]                       CRS=95.2  ratio=0.088  EPT=$368.5656
       ⚠️ 고빈도 슬리피지 위험 (300건, 패널티=0.05)

─────────────────────────────────────────────
이전 최고: -1078.599503
현재 결과: -1078.599503
❌ 개선 없음 (+0.000000) → git revert 권장

📝 기록: autoresearch/results.jsonl
=======================================================


❌ 미개선. revert.

── 실험 #6/100 ──────────────────────
📚 리서치 아이디어 수집...
   6개 아이디어 수집
✏️  scorer.py 수정...
   변경: perturbation 범위 초과 → 스킵, purity 임계값 0.28 → 0.25
15
⏱️  시뮬레이션 (5초)...

─────────────────────────────────────────────
선별 트레이더: 5명
가중 EPT_net:  $1078.5995/trade
평균 MDD:      0.0%
follower_loss: -1078.599503  ← 낮을수록 좋음

선별된 트레이더:
  [A]                       CRS=100.4  ratio=0.094  EPT=$2906.5341
  [A]                       CRS=100.4  ratio=0.088  EPT=$157.7567
  [A]                       CRS=100.4  ratio=0.096  EPT=$785.8988
  [A]                       CRS=95.4  ratio=0.088  EPT=$1065.6946
       ⚠️ 고빈도 슬리피지 위험 (300건, 패널티=0.05)
  [A]                       CRS=95.4  ratio=0.088  EPT=$368.5656
       ⚠️ 고빈도 슬리피지 위험 (300건, 패널티=0.05)

─────────────────────────────────────────────
이전 최고: -1078.599503
현재 결과: -1078.599503
❌ 개선 없음 (+0.000000) → git revert 권장

📝 기록: autoresearch/results.jsonl
=======================================================


❌ 미개선. revert.
⚡ 3회 연속 미개선 → 탐색 전략 변경

── 실험 #7/100 ──────────────────────
📚 리서치 아이디어 수집...
   6개 아이디어 수집
✏️  scorer.py 수정...
   변경: EPT_net 가중치 +5%, PF -5%
15
⏱️  시뮬레이션 (5초)...

─────────────────────────────────────────────
선별 트레이더: 5명
가중 EPT_net:  $1078.5995/trade
평균 MDD:      0.0%
follower_loss: -1078.599503  ← 낮을수록 좋음

선별된 트레이더:
  [A]                       CRS=100.4  ratio=0.094  EPT=$2906.5341
  [A]                       CRS=100.4  ratio=0.088  EPT=$157.7567
  [A]                       CRS=100.4  ratio=0.096  EPT=$785.8988
  [A]                       CRS=95.4  ratio=0.088  EPT=$1065.6946
       ⚠️ 고빈도 슬리피지 위험 (300건, 패널티=0.05)
  [A]                       CRS=95.4  ratio=0.088  EPT=$368.5656
       ⚠️ 고빈도 슬리피지 위험 (300건, 패널티=0.05)

─────────────────────────────────────────────
이전 최고: -1078.599503
현재 결과: -1078.599503
❌ 개선 없음 (+0.000000) → git revert 권장

📝 기록: autoresearch/results.jsonl
=======================================================


❌ 미개선. revert.

── 실험 #8/100 ──────────────────────
📚 리서치 아이디어 수집...
   6개 아이디어 수집
✏️  scorer.py 수정...
   변경: Purity +3%, 고빈도 페널티 활성화
15
⏱️  시뮬레이션 (5초)...

─────────────────────────────────────────────
선별 트레이더: 5명
가중 EPT_net:  $1078.5995/trade
평균 MDD:      0.0%
follower_loss: -1078.599503  ← 낮을수록 좋음

선별된 트레이더:
  [A]                       CRS=100.4  ratio=0.094  EPT=$2906.5341
  [A]                       CRS=100.4  ratio=0.088  EPT=$157.7567
  [A]                       CRS=100.4  ratio=0.096  EPT=$785.8988
  [A]                       CRS=95.4  ratio=0.088  EPT=$1065.6946
       ⚠️ 고빈도 슬리피지 위험 (300건, 패널티=0.05)
  [A]                       CRS=95.4  ratio=0.088  EPT=$368.5656
       ⚠️ 고빈도 슬리피지 위험 (300건, 패널티=0.05)

─────────────────────────────────────────────
이전 최고: -1078.599503
현재 결과: -1078.599503
❌ 개선 없음 (+0.000000) → git revert 권장

📝 기록: autoresearch/results.jsonl
=======================================================


❌ 미개선. revert.

── 실험 #9/100 ──────────────────────
📚 리서치 아이디어 수집...
   6개 아이디어 수집
✏️  scorer.py 수정...
   변경: w_sample +0.05, w_sharpe -0.05
=0.15
⏱️  시뮬레이션 (5초)...

─────────────────────────────────────────────
선별 트레이더: 5명
가중 EPT_net:  $1078.5995/trade
평균 MDD:      0.0%
follower_loss: -1078.599503  ← 낮을수록 좋음

선별된 트레이더:
  [A]                       CRS=95.4  ratio=0.094  EPT=$2906.5341
  [A]                       CRS=95.4  ratio=0.088  EPT=$157.7567
  [A]                       CRS=95.4  ratio=0.096  EPT=$785.8988
  [A]                       CRS=90.4  ratio=0.088  EPT=$1065.6946
       ⚠️ 고빈도 슬리피지 위험 (300건, 패널티=0.05)
  [A]                       CRS=90.4  ratio=0.088  EPT=$368.5656
       ⚠️ 고빈도 슬리피지 위험 (300건, 패널티=0.05)

─────────────────────────────────────────────
이전 최고: -1078.599503
현재 결과: -1078.599503
❌ 개선 없음 (+0.000000) → git revert 권장

📝 기록: autoresearch/results.jsonl
=======================================================


❌ 미개선. revert.
⚡ 3회 연속 미개선 → 탐색 전략 변경

── 실험 #10/100 ──────────────────────
📚 리서치 아이디어 수집...
   6개 아이디어 수집
✏️  scorer.py 수정...
   변경: EPT_net 가중치 +5%, PF -5%
15
⏱️  시뮬레이션 (5초)...

─────────────────────────────────────────────
선별 트레이더: 5명
가중 EPT_net:  $1078.5995/trade
평균 MDD:      0.0%
follower_loss: -1078.599503  ← 낮을수록 좋음

선별된 트레이더:
  [A]                       CRS=100.4  ratio=0.094  EPT=$2906.5341
  [A]                       CRS=100.4  ratio=0.088  EPT=$157.7567
  [A]                       CRS=100.4  ratio=0.096  EPT=$785.8988
  [A]                       CRS=95.4  ratio=0.088  EPT=$1065.6946
       ⚠️ 고빈도 슬리피지 위험 (300건, 패널티=0.05)
  [A]                       CRS=95.4  ratio=0.088  EPT=$368.5656
       ⚠️ 고빈도 슬리피지 위험 (300건, 패널티=0.05)

─────────────────────────────────────────────
이전 최고: -1078.599503
현재 결과: -1078.599503
❌ 개선 없음 (+0.000000) → git revert 권장

📝 기록: autoresearch/results.jsonl
=======================================================


❌ 미개선. revert.

── 실험 #11/100 ──────────────────────
📚 리서치 아이디어 수집...
   6개 아이디어 수집
✏️  scorer.py 수정...
   변경: Purity +3%, 고빈도 페널티 활성화, purity 임계값 0.25 → 0.22
15
⏱️  시뮬레이션 (5초)...

─────────────────────────────────────────────
선별 트레이더: 5명
가중 EPT_net:  $1078.5995/trade
평균 MDD:      0.0%
follower_loss: -1078.599503  ← 낮을수록 좋음

선별된 트레이더:
  [A]                       CRS=100.6  ratio=0.094  EPT=$2906.5341
  [A]                       CRS=100.6  ratio=0.088  EPT=$157.7567
  [A]                       CRS=100.6  ratio=0.096  EPT=$785.8988
  [A]                       CRS=95.6  ratio=0.088  EPT=$1065.6946
       ⚠️ 고빈도 슬리피지 위험 (300건, 패널티=0.05)
  [A]                       CRS=95.6  ratio=0.088  EPT=$368.5656
       ⚠️ 고빈도 슬리피지 위험 (300건, 패널티=0.05)

─────────────────────────────────────────────
이전 최고: -1078.599503
현재 결과: -1078.599503
❌ 개선 없음 (+0.000000) → git revert 권장

📝 기록: autoresearch/results.jsonl
=======================================================


❌ 미개선. revert.

── 실험 #12/100 ──────────────────────
📚 리서치 아이디어 수집...
   6개 아이디어 수집
✏️  scorer.py 수정...
   변경: w_sample +0.04, w_ept_net -0.04
=0.15
⏱️  시뮬레이션 (5초)...

─────────────────────────────────────────────
선별 트레이더: 5명
가중 EPT_net:  $1078.5995/trade
평균 MDD:      0.0%
follower_loss: -1078.599503  ← 낮을수록 좋음

선별된 트레이더:
  [A]                       CRS=96.4  ratio=0.094  EPT=$2906.5341
  [A]                       CRS=96.4  ratio=0.088  EPT=$157.7567
  [A]                       CRS=96.4  ratio=0.096  EPT=$785.8988
  [A]                       CRS=91.4  ratio=0.088  EPT=$1065.6946
       ⚠️ 고빈도 슬리피지 위험 (300건, 패널티=0.05)
  [A]                       CRS=91.4  ratio=0.088  EPT=$368.5656
       ⚠️ 고빈도 슬리피지 위험 (300건, 패널티=0.05)

─────────────────────────────────────────────
이전 최고: -1078.599503
현재 결과: -1078.599503
❌ 개선 없음 (+0.000000) → git revert 권장

📝 기록: autoresearch/results.jsonl
=======================================================


❌ 미개선. revert.
⚡ 3회 연속 미개선 → 탐색 전략 변경

── 실험 #13/100 ──────────────────────
📚 리서치 아이디어 수집...
   6개 아이디어 수집
✏️  scorer.py 수정...
   변경: EPT_net 가중치 +5%, PF -5%
15
⏱️  시뮬레이션 (5초)...

─────────────────────────────────────────────
선별 트레이더: 5명
가중 EPT_net:  $1078.5995/trade
평균 MDD:      0.0%
follower_loss: -1078.599503  ← 낮을수록 좋음

선별된 트레이더:
  [A]                       CRS=100.4  ratio=0.094  EPT=$2906.5341
  [A]                       CRS=100.4  ratio=0.088  EPT=$157.7567
  [A]                       CRS=100.4  ratio=0.096  EPT=$785.8988
  [A]                       CRS=95.4  ratio=0.088  EPT=$1065.6946
       ⚠️ 고빈도 슬리피지 위험 (300건, 패널티=0.05)
  [A]                       CRS=95.4  ratio=0.088  EPT=$368.5656
       ⚠️ 고빈도 슬리피지 위험 (300건, 패널티=0.05)

─────────────────────────────────────────────
이전 최고: -1078.599503
현재 결과: -1078.599503
❌ 개선 없음 (+0.000000) → git revert 권장

📝 기록: autoresearch/results.jsonl
=======================================================


❌ 미개선. revert.

── 실험 #14/100 ──────────────────────
📚 리서치 아이디어 수집...
   6개 아이디어 수집
✏️  scorer.py 수정...
   변경: Purity +3%, 고빈도 페널티 활성화
15
⏱️  시뮬레이션 (5초)...

─────────────────────────────────────────────
선별 트레이더: 5명
가중 EPT_net:  $1078.5995/trade
평균 MDD:      0.0%
follower_loss: -1078.599503  ← 낮을수록 좋음

선별된 트레이더:
  [A]                       CRS=100.4  ratio=0.094  EPT=$2906.5341
  [A]                       CRS=100.4  ratio=0.088  EPT=$157.7567
  [A]                       CRS=100.4  ratio=0.096  EPT=$785.8988
  [A]                       CRS=95.4  ratio=0.088  EPT=$1065.6946
       ⚠️ 고빈도 슬리피지 위험 (300건, 패널티=0.05)
  [A]                       CRS=95.4  ratio=0.088  EPT=$368.5656
       ⚠️ 고빈도 슬리피지 위험 (300건, 패널티=0.05)

─────────────────────────────────────────────
이전 최고: -1078.599503
현재 결과: -1078.599503
❌ 개선 없음 (+0.000000) → git revert 권장

📝 기록: autoresearch/results.jsonl
=======================================================


❌ 미개선. revert.

── 실험 #15/100 ──────────────────────
📚 리서치 아이디어 수집...
   6개 아이디어 수집
✏️  scorer.py 수정...
   변경: perturbation 범위 초과 → 스킵
15
⏱️  시뮬레이션 (5초)...

─────────────────────────────────────────────
선별 트레이더: 5명
가중 EPT_net:  $1078.5995/trade
평균 MDD:      0.0%
follower_loss: -1078.599503  ← 낮을수록 좋음

선별된 트레이더:
  [A]                       CRS=100.4  ratio=0.094  EPT=$2906.5341
  [A]                       CRS=100.4  ratio=0.088  EPT=$157.7567
  [A]                       CRS=100.4  ratio=0.096  EPT=$785.8988
  [A]                       CRS=95.4  ratio=0.088  EPT=$1065.6946
       ⚠️ 고빈도 슬리피지 위험 (300건, 패널티=0.05)
  [A]                       CRS=95.4  ratio=0.088  EPT=$368.5656
       ⚠️ 고빈도 슬리피지 위험 (300건, 패널티=0.05)

─────────────────────────────────────────────
이전 최고: -1078.599503
현재 결과: -1078.599503
❌ 개선 없음 (+0.000000) → git revert 권장

📝 기록: autoresearch/results.jsonl
=======================================================


❌ 미개선. revert.
⚡ 3회 연속 미개선 → 탐색 전략 변경

── 실험 #16/100 ──────────────────────
📚 리서치 아이디어 수집...
   6개 아이디어 수집
✏️  scorer.py 수정...
   변경: EPT_net 가중치 +5%, PF -5%, purity 임계값 0.25 → 0.22
15
⏱️  시뮬레이션 (5초)...

─────────────────────────────────────────────
선별 트레이더: 5명
가중 EPT_net:  $1078.5995/trade
평균 MDD:      0.0%
follower_loss: -1078.599503  ← 낮을수록 좋음

선별된 트레이더:
  [A]                       CRS=100.6  ratio=0.094  EPT=$2906.5341
  [A]                       CRS=100.6  ratio=0.088  EPT=$157.7567
  [A]                       CRS=100.6  ratio=0.096  EPT=$785.8988
  [A]                       CRS=95.6  ratio=0.088  EPT=$1065.6946
       ⚠️ 고빈도 슬리피지 위험 (300건, 패널티=0.05)
  [A]                       CRS=95.6  ratio=0.088  EPT=$368.5656
       ⚠️ 고빈도 슬리피지 위험 (300건, 패널티=0.05)

─────────────────────────────────────────────
이전 최고: -1078.599503
현재 결과: -1078.599503
❌ 개선 없음 (+0.000000) → git revert 권장

📝 기록: autoresearch/results.jsonl
=======================================================


❌ 미개선. revert.

── 실험 #17/100 ──────────────────────
📚 리서치 아이디어 수집...
   6개 아이디어 수집
✏️  scorer.py 수정...
   변경: Purity +3%, 고빈도 페널티 활성화
15
⏱️  시뮬레이션 (5초)...

─────────────────────────────────────────────
선별 트레이더: 5명
가중 EPT_net:  $1078.5995/trade
평균 MDD:      0.0%
follower_loss: -1078.599503  ← 낮을수록 좋음

선별된 트레이더:
  [A]                       CRS=100.4  ratio=0.094  EPT=$2906.5341
  [A]                       CRS=100.4  ratio=0.088  EPT=$157.7567
  [A]                       CRS=100.4  ratio=0.096  EPT=$785.8988
  [A]                       CRS=95.4  ratio=0.088  EPT=$1065.6946
       ⚠️ 고빈도 슬리피지 위험 (300건, 패널티=0.05)
  [A]                       CRS=95.4  ratio=0.088  EPT=$368.5656
       ⚠️ 고빈도 슬리피지 위험 (300건, 패널티=0.05)

─────────────────────────────────────────────
이전 최고: -1078.599503
현재 결과: -1078.599503
❌ 개선 없음 (+0.000000) → git revert 권장

📝 기록: autoresearch/results.jsonl
=======================================================


❌ 미개선. revert.

── 실험 #18/100 ──────────────────────
📚 리서치 아이디어 수집...
   6개 아이디어 수집
✏️  scorer.py 수정...
   변경: w_profit_factor +0.04, w_ept_net -0.04
15
⏱️  시뮬레이션 (5초)...

─────────────────────────────────────────────
선별 트레이더: 5명
가중 EPT_net:  $1078.5995/trade
평균 MDD:      0.0%
follower_loss: -1078.599503  ← 낮을수록 좋음

선별된 트레이더:
  [A]                       CRS=100.4  ratio=0.094  EPT=$2906.5341
  [A]                       CRS=100.4  ratio=0.088  EPT=$157.7567
  [A]                       CRS=100.4  ratio=0.096  EPT=$785.8988
  [A]                       CRS=95.4  ratio=0.088  EPT=$1065.6946
       ⚠️ 고빈도 슬리피지 위험 (300건, 패널티=0.05)
  [A]                       CRS=95.4  ratio=0.088  EPT=$368.5656
       ⚠️ 고빈도 슬리피지 위험 (300건, 패널티=0.05)

─────────────────────────────────────────────
이전 최고: -1078.599503
현재 결과: -1078.599503
❌ 개선 없음 (+0.000000) → git revert 권장

📝 기록: autoresearch/results.jsonl
=======================================================


❌ 미개선. revert.
⚡ 3회 연속 미개선 → 탐색 전략 변경

── 실험 #19/100 ──────────────────────
📚 리서치 아이디어 수집...
   6개 아이디어 수집
✏️  scorer.py 수정...
   변경: EPT_net 가중치 +5%, PF -5%
15
⏱️  시뮬레이션 (5초)...

─────────────────────────────────────────────
선별 트레이더: 5명
가중 EPT_net:  $1078.5995/trade
평균 MDD:      0.0%
follower_loss: -1078.599503  ← 낮을수록 좋음

선별된 트레이더:
  [A]                       CRS=100.4  ratio=0.094  EPT=$2906.5341
  [A]                       CRS=100.4  ratio=0.088  EPT=$157.7567
  [A]                       CRS=100.4  ratio=0.096  EPT=$785.8988
  [A]                       CRS=95.4  ratio=0.088  EPT=$1065.6946
       ⚠️ 고빈도 슬리피지 위험 (300건, 패널티=0.05)
  [A]                       CRS=95.4  ratio=0.088  EPT=$368.5656
       ⚠️ 고빈도 슬리피지 위험 (300건, 패널티=0.05)

─────────────────────────────────────────────
이전 최고: -1078.599503
현재 결과: -1078.599503
❌ 개선 없음 (+0.000000) → git revert 권장

📝 기록: autoresearch/results.jsonl
=======================================================


❌ 미개선. revert.

── 실험 #20/100 ──────────────────────
📚 리서치 아이디어 수집...
   6개 아이디어 수집
✏️  scorer.py 수정...
   변경: Purity +3%, 고빈도 페널티 활성화
15
⏱️  시뮬레이션 (5초)...

─────────────────────────────────────────────
선별 트레이더: 5명
가중 EPT_net:  $1078.5995/trade
평균 MDD:      0.0%
follower_loss: -1078.599503  ← 낮을수록 좋음

선별된 트레이더:
  [A]                       CRS=100.4  ratio=0.094  EPT=$2906.5341
  [A]                       CRS=100.4  ratio=0.088  EPT=$157.7567
  [A]                       CRS=100.4  ratio=0.096  EPT=$785.8988
  [A]                       CRS=95.4  ratio=0.088  EPT=$1065.6946
       ⚠️ 고빈도 슬리피지 위험 (300건, 패널티=0.05)
  [A]                       CRS=95.4  ratio=0.088  EPT=$368.5656
       ⚠️ 고빈도 슬리피지 위험 (300건, 패널티=0.05)

─────────────────────────────────────────────
이전 최고: -1078.599503
현재 결과: -1078.599503
❌ 개선 없음 (+0.000000) → git revert 권장

📝 기록: autoresearch/results.jsonl
=======================================================


❌ 미개선. revert.

── 실험 #21/100 ──────────────────────
📚 리서치 아이디어 수집...
   6개 아이디어 수집
✏️  scorer.py 수정...
   변경: w_profit_factor +0.05, w_sharpe -0.05, purity 임계값 0.25 → 0.22
15
⏱️  시뮬레이션 (5초)...

─────────────────────────────────────────────
선별 트레이더: 5명
가중 EPT_net:  $1078.5995/trade
평균 MDD:      0.0%
follower_loss: -1078.599503  ← 낮을수록 좋음

선별된 트레이더:
  [A]                       CRS=100.6  ratio=0.094  EPT=$2906.5341
  [A]                       CRS=100.6  ratio=0.088  EPT=$157.7567
  [A]                       CRS=100.6  ratio=0.096  EPT=$785.8988
  [A]                       CRS=95.6  ratio=0.088  EPT=$1065.6946
       ⚠️ 고빈도 슬리피지 위험 (300건, 패널티=0.05)
  [A]                       CRS=95.6  ratio=0.088  EPT=$368.5656
       ⚠️ 고빈도 슬리피지 위험 (300건, 패널티=0.05)

─────────────────────────────────────────────
이전 최고: -1078.599503
현재 결과: -1078.599503
❌ 개선 없음 (+0.000000) → git revert 권장

📝 기록: autoresearch/results.jsonl
=======================================================


❌ 미개선. revert.
⚡ 3회 연속 미개선 → 탐색 전략 변경

── 실험 #22/100 ──────────────────────
📚 리서치 아이디어 수집...
   6개 아이디어 수집
✏️  scorer.py 수정...
   변경: EPT_net 가중치 +5%, PF -5%
15
⏱️  시뮬레이션 (5초)...

─────────────────────────────────────────────
선별 트레이더: 5명
가중 EPT_net:  $1078.5995/trade
평균 MDD:      0.0%
follower_loss: -1078.599503  ← 낮을수록 좋음

선별된 트레이더:
  [A]                       CRS=100.4  ratio=0.094  EPT=$2906.5341
  [A]                       CRS=100.4  ratio=0.088  EPT=$157.7567
  [A]                       CRS=100.4  ratio=0.096  EPT=$785.8988
  [A]                       CRS=95.4  ratio=0.088  EPT=$1065.6946
       ⚠️ 고빈도 슬리피지 위험 (300건, 패널티=0.05)
  [A]                       CRS=95.4  ratio=0.088  EPT=$368.5656
       ⚠️ 고빈도 슬리피지 위험 (300건, 패널티=0.05)

─────────────────────────────────────────────
이전 최고: -1078.599503
현재 결과: -1078.599503
❌ 개선 없음 (+0.000000) → git revert 권장

📝 기록: autoresearch/results.jsonl
=======================================================


❌ 미개선. revert.

── 실험 #23/100 ──────────────────────
📚 리서치 아이디어 수집...
   6개 아이디어 수집
✏️  scorer.py 수정...
   변경: Purity +3%, 고빈도 페널티 활성화
15
⏱️  시뮬레이션 (5초)...

─────────────────────────────────────────────
선별 트레이더: 5명
가중 EPT_net:  $1078.5995/trade
평균 MDD:      0.0%
follower_loss: -1078.599503  ← 낮을수록 좋음

선별된 트레이더:
  [A]                       CRS=100.4  ratio=0.094  EPT=$2906.5341
  [A]                       CRS=100.4  ratio=0.088  EPT=$157.7567
  [A]                       CRS=100.4  ratio=0.096  EPT=$785.8988
  [A]                       CRS=95.4  ratio=0.088  EPT=$1065.6946
       ⚠️ 고빈도 슬리피지 위험 (300건, 패널티=0.05)
  [A]                       CRS=95.4  ratio=0.088  EPT=$368.5656
       ⚠️ 고빈도 슬리피지 위험 (300건, 패널티=0.05)

─────────────────────────────────────────────
이전 최고: -1078.599503
현재 결과: -1078.599503
❌ 개선 없음 (+0.000000) → git revert 권장

📝 기록: autoresearch/results.jsonl
=======================================================


❌ 미개선. revert.

── 실험 #24/100 ──────────────────────
📚 리서치 아이디어 수집...
   6개 아이디어 수집
✏️  scorer.py 수정...
   변경: perturbation 범위 초과 → 스킵
15
⏱️  시뮬레이션 (5초)...

─────────────────────────────────────────────
선별 트레이더: 5명
가중 EPT_net:  $1078.5995/trade
평균 MDD:      0.0%
follower_loss: -1078.599503  ← 낮을수록 좋음

선별된 트레이더:
  [A]                       CRS=100.4  ratio=0.094  EPT=$2906.5341
  [A]                       CRS=100.4  ratio=0.088  EPT=$157.7567
  [A]                       CRS=100.4  ratio=0.096  EPT=$785.8988
  [A]                       CRS=95.4  ratio=0.088  EPT=$1065.6946
       ⚠️ 고빈도 슬리피지 위험 (300건, 패널티=0.05)
  [A]                       CRS=95.4  ratio=0.088  EPT=$368.5656
       ⚠️ 고빈도 슬리피지 위험 (300건, 패널티=0.05)

─────────────────────────────────────────────
이전 최고: -1078.599503
현재 결과: -1078.599503
❌ 개선 없음 (+0.000000) → git revert 권장

📝 기록: autoresearch/results.jsonl
=======================================================


❌ 미개선. revert.
⚡ 3회 연속 미개선 → 탐색 전략 변경

── 실험 #25/100 ──────────────────────
📚 리서치 아이디어 수집...
   6개 아이디어 수집
✏️  scorer.py 수정...
   변경: EPT_net 가중치 +5%, PF -5%
15
⏱️  시뮬레이션 (5초)...

─────────────────────────────────────────────
선별 트레이더: 5명
가중 EPT_net:  $1078.5995/trade
평균 MDD:      0.0%
follower_loss: -1078.599503  ← 낮을수록 좋음

선별된 트레이더:
  [A]                       CRS=100.4  ratio=0.094  EPT=$2906.5341
  [A]                       CRS=100.4  ratio=0.088  EPT=$157.7567
  [A]                       CRS=100.4  ratio=0.096  EPT=$785.8988
  [A]                       CRS=95.4  ratio=0.088  EPT=$1065.6946
       ⚠️ 고빈도 슬리피지 위험 (300건, 패널티=0.05)
  [A]                       CRS=95.4  ratio=0.088  EPT=$368.5656
       ⚠️ 고빈도 슬리피지 위험 (300건, 패널티=0.05)

─────────────────────────────────────────────
이전 최고: -1078.599503
현재 결과: -1078.599503
❌ 개선 없음 (+0.000000) → git revert 권장

📝 기록: autoresearch/results.jsonl
=======================================================


❌ 미개선. revert.

── 실험 #26/100 ──────────────────────
📚 리서치 아이디어 수집...
   6개 아이디어 수집
✏️  scorer.py 수정...
   변경: Purity +3%, 고빈도 페널티 활성화, purity 임계값 0.25 → 0.22
15
⏱️  시뮬레이션 (5초)...

─────────────────────────────────────────────
선별 트레이더: 5명
가중 EPT_net:  $1078.5995/trade
평균 MDD:      0.0%
follower_loss: -1078.599503  ← 낮을수록 좋음

선별된 트레이더:
  [A]                       CRS=100.6  ratio=0.094  EPT=$2906.5341
  [A]                       CRS=100.6  ratio=0.088  EPT=$157.7567
  [A]                       CRS=100.6  ratio=0.096  EPT=$785.8988
  [A]                       CRS=95.6  ratio=0.088  EPT=$1065.6946
       ⚠️ 고빈도 슬리피지 위험 (300건, 패널티=0.05)
  [A]                       CRS=95.6  ratio=0.088  EPT=$368.5656
       ⚠️ 고빈도 슬리피지 위험 (300건, 패널티=0.05)

─────────────────────────────────────────────
이전 최고: -1078.599503
현재 결과: -1078.599503
❌ 개선 없음 (+0.000000) → git revert 권장

📝 기록: autoresearch/results.jsonl
=======================================================


❌ 미개선. revert.

── 실험 #27/100 ──────────────────────
📚 리서치 아이디어 수집...
   6개 아이디어 수집
✏️  scorer.py 수정...
   변경: w_mdd +0.02, w_sharpe -0.02
15
⏱️  시뮬레이션 (5초)...

─────────────────────────────────────────────
선별 트레이더: 5명
가중 EPT_net:  $1078.5995/trade
평균 MDD:      0.0%
follower_loss: -1078.599503  ← 낮을수록 좋음

선별된 트레이더:
  [A]                       CRS=100.4  ratio=0.094  EPT=$2906.5341
  [A]                       CRS=100.4  ratio=0.088  EPT=$157.7567
  [A]                       CRS=100.4  ratio=0.096  EPT=$785.8988
  [A]                       CRS=95.4  ratio=0.088  EPT=$1065.6946
       ⚠️ 고빈도 슬리피지 위험 (300건, 패널티=0.05)
  [A]                       CRS=95.4  ratio=0.088  EPT=$368.5656
       ⚠️ 고빈도 슬리피지 위험 (300건, 패널티=0.05)

─────────────────────────────────────────────
이전 최고: -1078.599503
현재 결과: -1078.599503
❌ 개선 없음 (+0.000000) → git revert 권장

📝 기록: autoresearch/results.jsonl
=======================================================


❌ 미개선. revert.
⚡ 3회 연속 미개선 → 탐색 전략 변경

── 실험 #28/100 ──────────────────────
📚 리서치 아이디어 수집...
   6개 아이디어 수집
✏️  scorer.py 수정...
   변경: EPT_net 가중치 +5%, PF -5%
15
⏱️  시뮬레이션 (5초)...

─────────────────────────────────────────────
선별 트레이더: 5명
가중 EPT_net:  $1078.5995/trade
평균 MDD:      0.0%
follower_loss: -1078.599503  ← 낮을수록 좋음

선별된 트레이더:
  [A]                       CRS=100.4  ratio=0.094  EPT=$2906.5341
  [A]                       CRS=100.4  ratio=0.088  EPT=$157.7567
  [A]                       CRS=100.4  ratio=0.096  EPT=$785.8988
  [A]                       CRS=95.4  ratio=0.088  EPT=$1065.6946
       ⚠️ 고빈도 슬리피지 위험 (300건, 패널티=0.05)
  [A]                       CRS=95.4  ratio=0.088  EPT=$368.5656
       ⚠️ 고빈도 슬리피지 위험 (300건, 패널티=0.05)

─────────────────────────────────────────────
이전 최고: -1078.599503
현재 결과: -1078.599503
❌ 개선 없음 (+0.000000) → git revert 권장

📝 기록: autoresearch/results.jsonl
=======================================================


❌ 미개선. revert.

── 실험 #29/100 ──────────────────────
📚 리서치 아이디어 수집...
   6개 아이디어 수집
✏️  scorer.py 수정...
   변경: Purity +3%, 고빈도 페널티 활성화
15
⏱️  시뮬레이션 (5초)...

─────────────────────────────────────────────
선별 트레이더: 5명
가중 EPT_net:  $1078.5995/trade
평균 MDD:      0.0%
follower_loss: -1078.599503  ← 낮을수록 좋음

선별된 트레이더:
  [A]                       CRS=100.4  ratio=0.094  EPT=$2906.5341
  [A]                       CRS=100.4  ratio=0.088  EPT=$157.7567
  [A]                       CRS=100.4  ratio=0.096  EPT=$785.8988
  [A]                       CRS=95.4  ratio=0.088  EPT=$1065.6946
       ⚠️ 고빈도 슬리피지 위험 (300건, 패널티=0.05)
  [A]                       CRS=95.4  ratio=0.088  EPT=$368.5656
       ⚠️ 고빈도 슬리피지 위험 (300건, 패널티=0.05)

─────────────────────────────────────────────
이전 최고: -1078.599503
현재 결과: -1078.599503
❌ 개선 없음 (+0.000000) → git revert 권장

📝 기록: autoresearch/results.jsonl
=======================================================


❌ 미개선. revert.

── 실험 #30/100 ──────────────────────
📚 리서치 아이디어 수집...
   6개 아이디어 수집
✏️  scorer.py 수정...
   변경: w_sharpe +0.04, w_purity -0.04
11
⏱️  시뮬레이션 (5초)...

─────────────────────────────────────────────
선별 트레이더: 5명
가중 EPT_net:  $1078.5995/trade
평균 MDD:      0.0%
follower_loss: -1078.599503  ← 낮을수록 좋음

선별된 트레이더:
  [A]                       CRS=102.0  ratio=0.094  EPT=$2906.5341
  [A]                       CRS=102.0  ratio=0.088  EPT=$157.7567
  [A]                       CRS=102.0  ratio=0.096  EPT=$785.8988
  [A]                       CRS=97.0  ratio=0.088  EPT=$1065.6946
       ⚠️ 고빈도 슬리피지 위험 (300건, 패널티=0.05)
  [A]                       CRS=97.0  ratio=0.088  EPT=$368.5656
       ⚠️ 고빈도 슬리피지 위험 (300건, 패널티=0.05)

─────────────────────────────────────────────
이전 최고: -1078.599503
현재 결과: -1078.599503
❌ 개선 없음 (+0.000000) → git revert 권장

📝 기록: autoresearch/results.jsonl
=======================================================


❌ 미개선. revert.
⚡ 3회 연속 미개선 → 탐색 전략 변경

── 실험 #31/100 ──────────────────────
📚 리서치 아이디어 수집...
   6개 아이디어 수집
✏️  scorer.py 수정...
   변경: EPT_net 가중치 +5%, PF -5%, purity 임계값 0.25 → 0.28
15
⏱️  시뮬레이션 (5초)...

─────────────────────────────────────────────
선별 트레이더: 5명
가중 EPT_net:  $1078.5995/trade
평균 MDD:      0.0%
follower_loss: -1078.599503  ← 낮을수록 좋음

선별된 트레이더:
  [A]                       CRS=100.2  ratio=0.094  EPT=$2906.5341
  [A]                       CRS=100.2  ratio=0.088  EPT=$157.7567
  [A]                       CRS=100.2  ratio=0.096  EPT=$785.8988
  [A]                       CRS=95.2  ratio=0.088  EPT=$1065.6946
       ⚠️ 고빈도 슬리피지 위험 (300건, 패널티=0.05)
  [A]                       CRS=95.2  ratio=0.088  EPT=$368.5656
       ⚠️ 고빈도 슬리피지 위험 (300건, 패널티=0.05)

─────────────────────────────────────────────
이전 최고: -1078.599503
현재 결과: -1078.599503
❌ 개선 없음 (+0.000000) → git revert 권장

📝 기록: autoresearch/results.jsonl
=======================================================


❌ 미개선. revert.

── 실험 #32/100 ──────────────────────
📚 리서치 아이디어 수집...
   6개 아이디어 수집
✏️  scorer.py 수정...
   변경: Purity +3%, 고빈도 페널티 활성화
15
⏱️  시뮬레이션 (5초)...

─────────────────────────────────────────────
선별 트레이더: 5명
가중 EPT_net:  $1078.5995/trade
평균 MDD:      0.0%
follower_loss: -1078.599503  ← 낮을수록 좋음

선별된 트레이더:
  [A]                       CRS=100.4  ratio=0.094  EPT=$2906.5341
  [A]                       CRS=100.4  ratio=0.088  EPT=$157.7567
  [A]                       CRS=100.4  ratio=0.096  EPT=$785.8988
  [A]                       CRS=95.4  ratio=0.088  EPT=$1065.6946
       ⚠️ 고빈도 슬리피지 위험 (300건, 패널티=0.05)
  [A]                       CRS=95.4  ratio=0.088  EPT=$368.5656
       ⚠️ 고빈도 슬리피지 위험 (300건, 패널티=0.05)

─────────────────────────────────────────────
이전 최고: -1078.599503
현재 결과: -1078.599503
❌ 개선 없음 (+0.000000) → git revert 권장

📝 기록: autoresearch/results.jsonl
=======================================================


❌ 미개선. revert.

── 실험 #33/100 ──────────────────────
📚 리서치 아이디어 수집...
   6개 아이디어 수집
✏️  scorer.py 수정...
   변경: perturbation 범위 초과 → 스킵
15
⏱️  시뮬레이션 (5초)...

─────────────────────────────────────────────
선별 트레이더: 5명
가중 EPT_net:  $1078.5995/trade
평균 MDD:      0.0%
follower_loss: -1078.599503  ← 낮을수록 좋음

선별된 트레이더:
  [A]                       CRS=100.4  ratio=0.094  EPT=$2906.5341
  [A]                       CRS=100.4  ratio=0.088  EPT=$157.7567
  [A]                       CRS=100.4  ratio=0.096  EPT=$785.8988
  [A]                       CRS=95.4  ratio=0.088  EPT=$1065.6946
       ⚠️ 고빈도 슬리피지 위험 (300건, 패널티=0.05)
  [A]                       CRS=95.4  ratio=0.088  EPT=$368.5656
       ⚠️ 고빈도 슬리피지 위험 (300건, 패널티=0.05)

─────────────────────────────────────────────
이전 최고: -1078.599503
현재 결과: -1078.599503
❌ 개선 없음 (+0.000000) → git revert 권장

📝 기록: autoresearch/results.jsonl
=======================================================


❌ 미개선. revert.
⚡ 3회 연속 미개선 → 탐색 전략 변경

── 실험 #34/100 ──────────────────────
📚 리서치 아이디어 수집...
   6개 아이디어 수집
✏️  scorer.py 수정...
   변경: EPT_net 가중치 +5%, PF -5%
15
⏱️  시뮬레이션 (5초)...

─────────────────────────────────────────────
선별 트레이더: 5명
가중 EPT_net:  $1078.5995/trade
평균 MDD:      0.0%
follower_loss: -1078.599503  ← 낮을수록 좋음

선별된 트레이더:
  [A]                       CRS=100.4  ratio=0.094  EPT=$2906.5341
  [A]                       CRS=100.4  ratio=0.088  EPT=$157.7567
  [A]                       CRS=100.4  ratio=0.096  EPT=$785.8988
  [A]                       CRS=95.4  ratio=0.088  EPT=$1065.6946
       ⚠️ 고빈도 슬리피지 위험 (300건, 패널티=0.05)
  [A]                       CRS=95.4  ratio=0.088  EPT=$368.5656
       ⚠️ 고빈도 슬리피지 위험 (300건, 패널티=0.05)

─────────────────────────────────────────────
이전 최고: -1078.599503
현재 결과: -1078.599503
❌ 개선 없음 (+0.000000) → git revert 권장

📝 기록: autoresearch/results.jsonl
=======================================================


❌ 미개선. revert.

── 실험 #35/100 ──────────────────────
📚 리서치 아이디어 수집...
   6개 아이디어 수집
✏️  scorer.py 수정...
   변경: Purity +3%, 고빈도 페널티 활성화
15
⏱️  시뮬레이션 (5초)...

─────────────────────────────────────────────
선별 트레이더: 5명
가중 EPT_net:  $1078.5995/trade
평균 MDD:      0.0%
follower_loss: -1078.599503  ← 낮을수록 좋음

선별된 트레이더:
  [A]                       CRS=100.4  ratio=0.094  EPT=$2906.5341
  [A]                       CRS=100.4  ratio=0.088  EPT=$157.7567
  [A]                       CRS=100.4  ratio=0.096  EPT=$785.8988
  [A]                       CRS=95.4  ratio=0.088  EPT=$1065.6946
       ⚠️ 고빈도 슬리피지 위험 (300건, 패널티=0.05)
  [A]                       CRS=95.4  ratio=0.088  EPT=$368.5656
       ⚠️ 고빈도 슬리피지 위험 (300건, 패널티=0.05)

─────────────────────────────────────────────
이전 최고: -1078.599503
현재 결과: -1078.599503
❌ 개선 없음 (+0.000000) → git revert 권장

📝 기록: autoresearch/results.jsonl
=======================================================


❌ 미개선. revert.

── 실험 #36/100 ──────────────────────
📚 리서치 아이디어 수집...
   6개 아이디어 수집
✏️  scorer.py 수정...
   변경: w_sortino +0.03, w_ept_net -0.03, purity 임계값 0.25 → 0.22
15
⏱️  시뮬레이션 (5초)...

─────────────────────────────────────────────
선별 트레이더: 5명
가중 EPT_net:  $1078.5995/trade
평균 MDD:      0.0%
follower_loss: -1078.599503  ← 낮을수록 좋음

선별된 트레이더:
  [A]                       CRS=100.6  ratio=0.094  EPT=$2906.5341
  [A]                       CRS=100.6  ratio=0.088  EPT=$157.7567
  [A]                       CRS=100.6  ratio=0.096  EPT=$785.8988
  [A]                       CRS=95.6  ratio=0.088  EPT=$1065.6946
       ⚠️ 고빈도 슬리피지 위험 (300건, 패널티=0.05)
  [A]                       CRS=95.6  ratio=0.088  EPT=$368.5656
       ⚠️ 고빈도 슬리피지 위험 (300건, 패널티=0.05)

─────────────────────────────────────────────
이전 최고: -1078.599503
현재 결과: -1078.599503
❌ 개선 없음 (+0.000000) → git revert 권장

📝 기록: autoresearch/results.jsonl
=======================================================


❌ 미개선. revert.
⚡ 3회 연속 미개선 → 탐색 전략 변경

── 실험 #37/100 ──────────────────────
📚 리서치 아이디어 수집...
   6개 아이디어 수집
✏️  scorer.py 수정...
   변경: EPT_net 가중치 +5%, PF -5%
15
⏱️  시뮬레이션 (5초)...

─────────────────────────────────────────────
선별 트레이더: 5명
가중 EPT_net:  $1078.5995/trade
평균 MDD:      0.0%
follower_loss: -1078.599503  ← 낮을수록 좋음

선별된 트레이더:
  [A]                       CRS=100.4  ratio=0.094  EPT=$2906.5341
  [A]                       CRS=100.4  ratio=0.088  EPT=$157.7567
  [A]                       CRS=100.4  ratio=0.096  EPT=$785.8988
  [A]                       CRS=95.4  ratio=0.088  EPT=$1065.6946
       ⚠️ 고빈도 슬리피지 위험 (300건, 패널티=0.05)
  [A]                       CRS=95.4  ratio=0.088  EPT=$368.5656
       ⚠️ 고빈도 슬리피지 위험 (300건, 패널티=0.05)

─────────────────────────────────────────────
이전 최고: -1078.599503
현재 결과: -1078.599503
❌ 개선 없음 (+0.000000) → git revert 권장

📝 기록: autoresearch/results.jsonl
=======================================================


❌ 미개선. revert.

── 실험 #38/100 ──────────────────────
📚 리서치 아이디어 수집...
   6개 아이디어 수집
✏️  scorer.py 수정...
   변경: Purity +3%, 고빈도 페널티 활성화
15
⏱️  시뮬레이션 (5초)...

─────────────────────────────────────────────
선별 트레이더: 5명
가중 EPT_net:  $1078.5995/trade
평균 MDD:      0.0%
follower_loss: -1078.599503  ← 낮을수록 좋음

선별된 트레이더:
  [A]                       CRS=100.4  ratio=0.094  EPT=$2906.5341
  [A]                       CRS=100.4  ratio=0.088  EPT=$157.7567
  [A]                       CRS=100.4  ratio=0.096  EPT=$785.8988
  [A]                       CRS=95.4  ratio=0.088  EPT=$1065.6946
       ⚠️ 고빈도 슬리피지 위험 (300건, 패널티=0.05)
  [A]                       CRS=95.4  ratio=0.088  EPT=$368.5656
       ⚠️ 고빈도 슬리피지 위험 (300건, 패널티=0.05)

─────────────────────────────────────────────
이전 최고: -1078.599503
현재 결과: -1078.599503
❌ 개선 없음 (+0.000000) → git revert 권장

📝 기록: autoresearch/results.jsonl
=======================================================


❌ 미개선. revert.

── 실험 #39/100 ──────────────────────
📚 리서치 아이디어 수집...
   6개 아이디어 수집
✏️  scorer.py 수정...
   변경: w_sample +0.06, w_sortino -0.06
=0.15
⏱️  시뮬레이션 (5초)...

─────────────────────────────────────────────
선별 트레이더: 5명
가중 EPT_net:  $1078.5995/trade
평균 MDD:      0.0%
follower_loss: -1078.599503  ← 낮을수록 좋음

선별된 트레이더:
  [A]                       CRS=94.4  ratio=0.094  EPT=$2906.5341
  [A]                       CRS=94.4  ratio=0.088  EPT=$157.7567
  [A]                       CRS=94.4  ratio=0.096  EPT=$785.8988
  [A]                       CRS=89.4  ratio=0.088  EPT=$1065.6946
       ⚠️ 고빈도 슬리피지 위험 (300건, 패널티=0.05)
  [A]                       CRS=89.4  ratio=0.088  EPT=$368.5656
       ⚠️ 고빈도 슬리피지 위험 (300건, 패널티=0.05)

─────────────────────────────────────────────
이전 최고: -1078.599503
현재 결과: -1078.599503
❌ 개선 없음 (+0.000000) → git revert 권장

📝 기록: autoresearch/results.jsonl
=======================================================


❌ 미개선. revert.
⚡ 3회 연속 미개선 → 탐색 전략 변경

── 실험 #40/100 ──────────────────────
📚 리서치 아이디어 수집...
   6개 아이디어 수집
✏️  scorer.py 수정...
   변경: EPT_net 가중치 +5%, PF -5%
15
⏱️  시뮬레이션 (5초)...

─────────────────────────────────────────────
선별 트레이더: 5명
가중 EPT_net:  $1078.5995/trade
평균 MDD:      0.0%
follower_loss: -1078.599503  ← 낮을수록 좋음

선별된 트레이더:
  [A]                       CRS=100.4  ratio=0.094  EPT=$2906.5341
  [A]                       CRS=100.4  ratio=0.088  EPT=$157.7567
  [A]                       CRS=100.4  ratio=0.096  EPT=$785.8988
  [A]                       CRS=95.4  ratio=0.088  EPT=$1065.6946
       ⚠️ 고빈도 슬리피지 위험 (300건, 패널티=0.05)
  [A]                       CRS=95.4  ratio=0.088  EPT=$368.5656
       ⚠️ 고빈도 슬리피지 위험 (300건, 패널티=0.05)

─────────────────────────────────────────────
이전 최고: -1078.599503
현재 결과: -1078.599503
❌ 개선 없음 (+0.000000) → git revert 권장

📝 기록: autoresearch/results.jsonl
=======================================================


❌ 미개선. revert.

── 실험 #41/100 ──────────────────────
📚 리서치 아이디어 수집...
   6개 아이디어 수집
✏️  scorer.py 수정...
   변경: Purity +3%, 고빈도 페널티 활성화, purity 임계값 0.25 → 0.22
15
⏱️  시뮬레이션 (5초)...

─────────────────────────────────────────────
선별 트레이더: 5명
가중 EPT_net:  $1078.5995/trade
평균 MDD:      0.0%
follower_loss: -1078.599503  ← 낮을수록 좋음

선별된 트레이더:
  [A]                       CRS=100.6  ratio=0.094  EPT=$2906.5341
  [A]                       CRS=100.6  ratio=0.088  EPT=$157.7567
  [A]                       CRS=100.6  ratio=0.096  EPT=$785.8988
  [A]                       CRS=95.6  ratio=0.088  EPT=$1065.6946
       ⚠️ 고빈도 슬리피지 위험 (300건, 패널티=0.05)
  [A]                       CRS=95.6  ratio=0.088  EPT=$368.5656
       ⚠️ 고빈도 슬리피지 위험 (300건, 패널티=0.05)

─────────────────────────────────────────────
이전 최고: -1078.599503
현재 결과: -1078.599503
❌ 개선 없음 (+0.000000) → git revert 권장

📝 기록: autoresearch/results.jsonl
=======================================================


❌ 미개선. revert.

── 실험 #42/100 ──────────────────────
📚 리서치 아이디어 수집...
   6개 아이디어 수집
✏️  scorer.py 수정...
   변경: w_sample +0.02, w_purity -0.02
=0.13
⏱️  시뮬레이션 (5초)...

─────────────────────────────────────────────
선별 트레이더: 5명
가중 EPT_net:  $1078.5995/trade
평균 MDD:      0.0%
follower_loss: -1078.599503  ← 낮을수록 좋음

선별된 트레이더:
  [A]                       CRS=99.2  ratio=0.094  EPT=$2906.5341
  [A]                       CRS=99.2  ratio=0.088  EPT=$157.7567
  [A]                       CRS=99.2  ratio=0.096  EPT=$785.8988
  [A]                       CRS=94.2  ratio=0.088  EPT=$1065.6946
       ⚠️ 고빈도 슬리피지 위험 (300건, 패널티=0.05)
  [A]                       CRS=94.2  ratio=0.088  EPT=$368.5656
       ⚠️ 고빈도 슬리피지 위험 (300건, 패널티=0.05)

─────────────────────────────────────────────
이전 최고: -1078.599503
현재 결과: -1078.599503
❌ 개선 없음 (+0.000000) → git revert 권장

📝 기록: autoresearch/results.jsonl
=======================================================


❌ 미개선. revert.
⚡ 3회 연속 미개선 → 탐색 전략 변경

── 실험 #43/100 ──────────────────────
📚 리서치 아이디어 수집...
   6개 아이디어 수집
✏️  scorer.py 수정...
   변경: EPT_net 가중치 +5%, PF -5%
15
⏱️  시뮬레이션 (5초)...

─────────────────────────────────────────────
선별 트레이더: 5명
가중 EPT_net:  $1078.5995/trade
평균 MDD:      0.0%
follower_loss: -1078.599503  ← 낮을수록 좋음

선별된 트레이더:
  [A]                       CRS=100.4  ratio=0.094  EPT=$2906.5341
  [A]                       CRS=100.4  ratio=0.088  EPT=$157.7567
  [A]                       CRS=100.4  ratio=0.096  EPT=$785.8988
  [A]                       CRS=95.4  ratio=0.088  EPT=$1065.6946
       ⚠️ 고빈도 슬리피지 위험 (300건, 패널티=0.05)
  [A]                       CRS=95.4  ratio=0.088  EPT=$368.5656
       ⚠️ 고빈도 슬리피지 위험 (300건, 패널티=0.05)

─────────────────────────────────────────────
이전 최고: -1078.599503
현재 결과: -1078.599503
❌ 개선 없음 (+0.000000) → git revert 권장

📝 기록: autoresearch/results.jsonl
=======================================================


❌ 미개선. revert.

── 실험 #44/100 ──────────────────────
📚 리서치 아이디어 수집...
   6개 아이디어 수집
✏️  scorer.py 수정...
   변경: Purity +3%, 고빈도 페널티 활성화
15
⏱️  시뮬레이션 (5초)...

─────────────────────────────────────────────
선별 트레이더: 5명
가중 EPT_net:  $1078.5995/trade
평균 MDD:      0.0%
follower_loss: -1078.599503  ← 낮을수록 좋음

선별된 트레이더:
  [A]                       CRS=100.4  ratio=0.094  EPT=$2906.5341
  [A]                       CRS=100.4  ratio=0.088  EPT=$157.7567
  [A]                       CRS=100.4  ratio=0.096  EPT=$785.8988
  [A]                       CRS=95.4  ratio=0.088  EPT=$1065.6946
       ⚠️ 고빈도 슬리피지 위험 (300건, 패널티=0.05)
  [A]                       CRS=95.4  ratio=0.088  EPT=$368.5656
       ⚠️ 고빈도 슬리피지 위험 (300건, 패널티=0.05)

─────────────────────────────────────────────
이전 최고: -1078.599503
현재 결과: -1078.599503
❌ 개선 없음 (+0.000000) → git revert 권장

📝 기록: autoresearch/results.jsonl
=======================================================


❌ 미개선. revert.

── 실험 #45/100 ──────────────────────
📚 리서치 아이디어 수집...
   6개 아이디어 수집
✏️  scorer.py 수정...
   변경: perturbation 범위 초과 → 스킵
15
⏱️  시뮬레이션 (5초)...

─────────────────────────────────────────────
선별 트레이더: 5명
가중 EPT_net:  $1078.5995/trade
평균 MDD:      0.0%
follower_loss: -1078.599503  ← 낮을수록 좋음

선별된 트레이더:
  [A]                       CRS=100.4  ratio=0.094  EPT=$2906.5341
  [A]                       CRS=100.4  ratio=0.088  EPT=$157.7567
  [A]                       CRS=100.4  ratio=0.096  EPT=$785.8988
  [A]                       CRS=95.4  ratio=0.088  EPT=$1065.6946
       ⚠️ 고빈도 슬리피지 위험 (300건, 패널티=0.05)
  [A]                       CRS=95.4  ratio=0.088  EPT=$368.5656
       ⚠️ 고빈도 슬리피지 위험 (300건, 패널티=0.05)

─────────────────────────────────────────────
이전 최고: -1078.599503
현재 결과: -1078.599503
❌ 개선 없음 (+0.000000) → git revert 권장

📝 기록: autoresearch/results.jsonl
=======================================================


❌ 미개선. revert.
⚡ 3회 연속 미개선 → 탐색 전략 변경

── 실험 #46/100 ──────────────────────
📚 리서치 아이디어 수집...
   6개 아이디어 수집
✏️  scorer.py 수정...
   변경: EPT_net 가중치 +5%, PF -5%, purity 임계값 0.25 → 0.22
15
⏱️  시뮬레이션 (5초)...

─────────────────────────────────────────────
선별 트레이더: 5명
가중 EPT_net:  $1078.5995/trade
평균 MDD:      0.0%
follower_loss: -1078.599503  ← 낮을수록 좋음

선별된 트레이더:
  [A]                       CRS=100.6  ratio=0.094  EPT=$2906.5341
  [A]                       CRS=100.6  ratio=0.088  EPT=$157.7567
  [A]                       CRS=100.6  ratio=0.096  EPT=$785.8988
  [A]                       CRS=95.6  ratio=0.088  EPT=$1065.6946
       ⚠️ 고빈도 슬리피지 위험 (300건, 패널티=0.05)
  [A]                       CRS=95.6  ratio=0.088  EPT=$368.5656
       ⚠️ 고빈도 슬리피지 위험 (300건, 패널티=0.05)

─────────────────────────────────────────────
이전 최고: -1078.599503
현재 결과: -1078.599503
❌ 개선 없음 (+0.000000) → git revert 권장

📝 기록: autoresearch/results.jsonl
=======================================================


❌ 미개선. revert.

── 실험 #47/100 ──────────────────────
📚 리서치 아이디어 수집...
   6개 아이디어 수집
✏️  scorer.py 수정...
   변경: Purity +3%, 고빈도 페널티 활성화
15
⏱️  시뮬레이션 (5초)...

─────────────────────────────────────────────
선별 트레이더: 5명
가중 EPT_net:  $1078.5995/trade
평균 MDD:      0.0%
follower_loss: -1078.599503  ← 낮을수록 좋음

선별된 트레이더:
  [A]                       CRS=100.4  ratio=0.094  EPT=$2906.5341
  [A]                       CRS=100.4  ratio=0.088  EPT=$157.7567
  [A]                       CRS=100.4  ratio=0.096  EPT=$785.8988
  [A]                       CRS=95.4  ratio=0.088  EPT=$1065.6946
       ⚠️ 고빈도 슬리피지 위험 (300건, 패널티=0.05)
  [A]                       CRS=95.4  ratio=0.088  EPT=$368.5656
       ⚠️ 고빈도 슬리피지 위험 (300건, 패널티=0.05)

─────────────────────────────────────────────
이전 최고: -1078.599503
현재 결과: -1078.599503
❌ 개선 없음 (+0.000000) → git revert 권장

📝 기록: autoresearch/results.jsonl
=======================================================


❌ 미개선. revert.

── 실험 #48/100 ──────────────────────
📚 리서치 아이디어 수집...
   6개 아이디어 수집
✏️  scorer.py 수정...
   변경: w_sortino +0.06, w_purity -0.06
09
⏱️  시뮬레이션 (5초)...

─────────────────────────────────────────────
선별 트레이더: 5명
가중 EPT_net:  $1078.5995/trade
평균 MDD:      0.0%
follower_loss: -1078.599503  ← 낮을수록 좋음

선별된 트레이더:
  [A]                       CRS=102.8  ratio=0.094  EPT=$2906.5341
  [A]                       CRS=102.8  ratio=0.088  EPT=$157.7567
  [A]                       CRS=102.8  ratio=0.096  EPT=$785.8988
  [A]                       CRS=97.8  ratio=0.088  EPT=$1065.6946
       ⚠️ 고빈도 슬리피지 위험 (300건, 패널티=0.05)
  [A]                       CRS=97.8  ratio=0.088  EPT=$368.5656
       ⚠️ 고빈도 슬리피지 위험 (300건, 패널티=0.05)

─────────────────────────────────────────────
이전 최고: -1078.599503
현재 결과: -1078.599503
❌ 개선 없음 (+0.000000) → git revert 권장

📝 기록: autoresearch/results.jsonl
=======================================================


❌ 미개선. revert.
⚡ 3회 연속 미개선 → 탐색 전략 변경

── 실험 #49/100 ──────────────────────
📚 리서치 아이디어 수집...
   6개 아이디어 수집
✏️  scorer.py 수정...
   변경: EPT_net 가중치 +5%, PF -5%
15
⏱️  시뮬레이션 (5초)...

─────────────────────────────────────────────
선별 트레이더: 5명
가중 EPT_net:  $1078.5995/trade
평균 MDD:      0.0%
follower_loss: -1078.599503  ← 낮을수록 좋음

선별된 트레이더:
  [A]                       CRS=100.4  ratio=0.094  EPT=$2906.5341
  [A]                       CRS=100.4  ratio=0.088  EPT=$157.7567
  [A]                       CRS=100.4  ratio=0.096  EPT=$785.8988
  [A]                       CRS=95.4  ratio=0.088  EPT=$1065.6946
       ⚠️ 고빈도 슬리피지 위험 (300건, 패널티=0.05)
  [A]                       CRS=95.4  ratio=0.088  EPT=$368.5656
       ⚠️ 고빈도 슬리피지 위험 (300건, 패널티=0.05)

─────────────────────────────────────────────
이전 최고: -1078.599503
현재 결과: -1078.599503
❌ 개선 없음 (+0.000000) → git revert 권장

📝 기록: autoresearch/results.jsonl
=======================================================


❌ 미개선. revert.

── 실험 #50/100 ──────────────────────
📚 리서치 아이디어 수집...
   6개 아이디어 수집
✏️  scorer.py 수정...
   변경: Purity +3%, 고빈도 페널티 활성화
15
⏱️  시뮬레이션 (5초)...

─────────────────────────────────────────────
선별 트레이더: 5명
가중 EPT_net:  $1078.5995/trade
평균 MDD:      0.0%
follower_loss: -1078.599503  ← 낮을수록 좋음

선별된 트레이더:
  [A]                       CRS=100.4  ratio=0.094  EPT=$2906.5341
  [A]                       CRS=100.4  ratio=0.088  EPT=$157.7567
  [A]                       CRS=100.4  ratio=0.096  EPT=$785.8988
  [A]                       CRS=95.4  ratio=0.088  EPT=$1065.6946
       ⚠️ 고빈도 슬리피지 위험 (300건, 패널티=0.05)
  [A]                       CRS=95.4  ratio=0.088  EPT=$368.5656
       ⚠️ 고빈도 슬리피지 위험 (300건, 패널티=0.05)

─────────────────────────────────────────────
이전 최고: -1078.599503
현재 결과: -1078.599503
❌ 개선 없음 (+0.000000) → git revert 권장

📝 기록: autoresearch/results.jsonl
=======================================================


❌ 미개선. revert.

── 실험 #51/100 ──────────────────────
📚 리서치 아이디어 수집...
   6개 아이디어 수집
✏️  scorer.py 수정...
   변경: perturbation 범위 초과 → 스킵, purity 임계값 0.25 → 0.28
15
⏱️  시뮬레이션 (5초)...

─────────────────────────────────────────────
선별 트레이더: 5명
가중 EPT_net:  $1078.5995/trade
평균 MDD:      0.0%
follower_loss: -1078.599503  ← 낮을수록 좋음

선별된 트레이더:
  [A]                       CRS=100.2  ratio=0.094  EPT=$2906.5341
  [A]                       CRS=100.2  ratio=0.088  EPT=$157.7567
  [A]                       CRS=100.2  ratio=0.096  EPT=$785.8988
  [A]                       CRS=95.2  ratio=0.088  EPT=$1065.6946
       ⚠️ 고빈도 슬리피지 위험 (300건, 패널티=0.05)
  [A]                       CRS=95.2  ratio=0.088  EPT=$368.5656
       ⚠️ 고빈도 슬리피지 위험 (300건, 패널티=0.05)

─────────────────────────────────────────────
이전 최고: -1078.599503
현재 결과: -1078.599503
❌ 개선 없음 (+0.000000) → git revert 권장

📝 기록: autoresearch/results.jsonl
=======================================================


❌ 미개선. revert.
⚡ 3회 연속 미개선 → 탐색 전략 변경

── 실험 #52/100 ──────────────────────
📚 리서치 아이디어 수집...
   6개 아이디어 수집
✏️  scorer.py 수정...
   변경: EPT_net 가중치 +5%, PF -5%
15
⏱️  시뮬레이션 (5초)...

─────────────────────────────────────────────
선별 트레이더: 5명
가중 EPT_net:  $1078.5995/trade
평균 MDD:      0.0%
follower_loss: -1078.599503  ← 낮을수록 좋음

선별된 트레이더:
  [A]                       CRS=100.4  ratio=0.094  EPT=$2906.5341
  [A]                       CRS=100.4  ratio=0.088  EPT=$157.7567
  [A]                       CRS=100.4  ratio=0.096  EPT=$785.8988
  [A]                       CRS=95.4  ratio=0.088  EPT=$1065.6946
       ⚠️ 고빈도 슬리피지 위험 (300건, 패널티=0.05)
  [A]                       CRS=95.4  ratio=0.088  EPT=$368.5656
       ⚠️ 고빈도 슬리피지 위험 (300건, 패널티=0.05)

─────────────────────────────────────────────
이전 최고: -1078.599503
현재 결과: -1078.599503
❌ 개선 없음 (+0.000000) → git revert 권장

📝 기록: autoresearch/results.jsonl
=======================================================


❌ 미개선. revert.

── 실험 #53/100 ──────────────────────
📚 리서치 아이디어 수집...
   6개 아이디어 수집
✏️  scorer.py 수정...
   변경: Purity +3%, 고빈도 페널티 활성화
15
⏱️  시뮬레이션 (5초)...

─────────────────────────────────────────────
선별 트레이더: 5명
가중 EPT_net:  $1078.5995/trade
평균 MDD:      0.0%
follower_loss: -1078.599503  ← 낮을수록 좋음

선별된 트레이더:
  [A]                       CRS=100.4  ratio=0.094  EPT=$2906.5341
  [A]                       CRS=100.4  ratio=0.088  EPT=$157.7567
  [A]                       CRS=100.4  ratio=0.096  EPT=$785.8988
  [A]                       CRS=95.4  ratio=0.088  EPT=$1065.6946
       ⚠️ 고빈도 슬리피지 위험 (300건, 패널티=0.05)
  [A]                       CRS=95.4  ratio=0.088  EPT=$368.5656
       ⚠️ 고빈도 슬리피지 위험 (300건, 패널티=0.05)

─────────────────────────────────────────────
이전 최고: -1078.599503
현재 결과: -1078.599503
❌ 개선 없음 (+0.000000) → git revert 권장

📝 기록: autoresearch/results.jsonl
=======================================================


❌ 미개선. revert.

── 실험 #54/100 ──────────────────────
📚 리서치 아이디어 수집...
   6개 아이디어 수집
✏️  scorer.py 수정...
   변경: w_sample +0.02, w_ept_net -0.02
=0.15
⏱️  시뮬레이션 (5초)...

─────────────────────────────────────────────
선별 트레이더: 5명
가중 EPT_net:  $1078.5995/trade
평균 MDD:      0.0%
follower_loss: -1078.599503  ← 낮을수록 좋음

선별된 트레이더:
  [A]                       CRS=98.4  ratio=0.094  EPT=$2906.5341
  [A]                       CRS=98.4  ratio=0.088  EPT=$157.7567
  [A]                       CRS=98.4  ratio=0.096  EPT=$785.8988
  [A]                       CRS=93.4  ratio=0.088  EPT=$1065.6946
       ⚠️ 고빈도 슬리피지 위험 (300건, 패널티=0.05)
  [A]                       CRS=93.4  ratio=0.088  EPT=$368.5656
       ⚠️ 고빈도 슬리피지 위험 (300건, 패널티=0.05)

─────────────────────────────────────────────
이전 최고: -1078.599503
현재 결과: -1078.599503
❌ 개선 없음 (+0.000000) → git revert 권장

📝 기록: autoresearch/results.jsonl
=======================================================


❌ 미개선. revert.
⚡ 3회 연속 미개선 → 탐색 전략 변경

── 실험 #55/100 ──────────────────────
📚 리서치 아이디어 수집...
   6개 아이디어 수집
✏️  scorer.py 수정...
   변경: EPT_net 가중치 +5%, PF -5%
15
⏱️  시뮬레이션 (5초)...

─────────────────────────────────────────────
선별 트레이더: 5명
가중 EPT_net:  $1078.5995/trade
평균 MDD:      0.0%
follower_loss: -1078.599503  ← 낮을수록 좋음

선별된 트레이더:
  [A]                       CRS=100.4  ratio=0.094  EPT=$2906.5341
  [A]                       CRS=100.4  ratio=0.088  EPT=$157.7567
  [A]                       CRS=100.4  ratio=0.096  EPT=$785.8988
  [A]                       CRS=95.4  ratio=0.088  EPT=$1065.6946
       ⚠️ 고빈도 슬리피지 위험 (300건, 패널티=0.05)
  [A]                       CRS=95.4  ratio=0.088  EPT=$368.5656
       ⚠️ 고빈도 슬리피지 위험 (300건, 패널티=0.05)

─────────────────────────────────────────────
이전 최고: -1078.599503
현재 결과: -1078.599503
❌ 개선 없음 (+0.000000) → git revert 권장

📝 기록: autoresearch/results.jsonl
=======================================================


❌ 미개선. revert.

── 실험 #56/100 ──────────────────────
📚 리서치 아이디어 수집...
   6개 아이디어 수집
✏️  scorer.py 수정...
   변경: Purity +3%, 고빈도 페널티 활성화, purity 임계값 0.25 → 0.22
15
⏱️  시뮬레이션 (5초)...

─────────────────────────────────────────────
선별 트레이더: 5명
가중 EPT_net:  $1078.5995/trade
평균 MDD:      0.0%
follower_loss: -1078.599503  ← 낮을수록 좋음

선별된 트레이더:
  [A]                       CRS=100.6  ratio=0.094  EPT=$2906.5341
  [A]                       CRS=100.6  ratio=0.088  EPT=$157.7567
  [A]                       CRS=100.6  ratio=0.096  EPT=$785.8988
  [A]                       CRS=95.6  ratio=0.088  EPT=$1065.6946
       ⚠️ 고빈도 슬리피지 위험 (300건, 패널티=0.05)
  [A]                       CRS=95.6  ratio=0.088  EPT=$368.5656
       ⚠️ 고빈도 슬리피지 위험 (300건, 패널티=0.05)

─────────────────────────────────────────────
이전 최고: -1078.599503
현재 결과: -1078.599503
❌ 개선 없음 (+0.000000) → git revert 권장

📝 기록: autoresearch/results.jsonl
=======================================================


❌ 미개선. revert.

── 실험 #57/100 ──────────────────────
📚 리서치 아이디어 수집...
   6개 아이디어 수집
✏️  scorer.py 수정...
   변경: w_purity +0.03, w_sharpe -0.03
=0.18
⏱️  시뮬레이션 (5초)...

─────────────────────────────────────────────
선별 트레이더: 5명
가중 EPT_net:  $1078.5995/trade
평균 MDD:      0.0%
follower_loss: -1078.599503  ← 낮을수록 좋음

선별된 트레이더:
  [A]                       CRS=99.2  ratio=0.094  EPT=$2906.5341
  [A]                       CRS=99.2  ratio=0.088  EPT=$157.7567
  [A]                       CRS=99.2  ratio=0.096  EPT=$785.8988
  [A]                       CRS=94.2  ratio=0.088  EPT=$1065.6946
       ⚠️ 고빈도 슬리피지 위험 (300건, 패널티=0.05)
  [A]                       CRS=94.2  ratio=0.088  EPT=$368.5656
       ⚠️ 고빈도 슬리피지 위험 (300건, 패널티=0.05)

─────────────────────────────────────────────
이전 최고: -1078.599503
현재 결과: -1078.599503
❌ 개선 없음 (+0.000000) → git revert 권장

📝 기록: autoresearch/results.jsonl
=======================================================


❌ 미개선. revert.
⚡ 3회 연속 미개선 → 탐색 전략 변경

── 실험 #58/100 ──────────────────────
📚 리서치 아이디어 수집...
   6개 아이디어 수집
✏️  scorer.py 수정...
   변경: EPT_net 가중치 +5%, PF -5%
15
⏱️  시뮬레이션 (5초)...

─────────────────────────────────────────────
선별 트레이더: 5명
가중 EPT_net:  $1078.5995/trade
평균 MDD:      0.0%
follower_loss: -1078.599503  ← 낮을수록 좋음

선별된 트레이더:
  [A]                       CRS=100.4  ratio=0.094  EPT=$2906.5341
  [A]                       CRS=100.4  ratio=0.088  EPT=$157.7567
  [A]                       CRS=100.4  ratio=0.096  EPT=$785.8988
  [A]                       CRS=95.4  ratio=0.088  EPT=$1065.6946
       ⚠️ 고빈도 슬리피지 위험 (300건, 패널티=0.05)
  [A]                       CRS=95.4  ratio=0.088  EPT=$368.5656
       ⚠️ 고빈도 슬리피지 위험 (300건, 패널티=0.05)

─────────────────────────────────────────────
이전 최고: -1078.599503
현재 결과: -1078.599503
❌ 개선 없음 (+0.000000) → git revert 권장

📝 기록: autoresearch/results.jsonl
=======================================================


❌ 미개선. revert.

── 실험 #59/100 ──────────────────────
📚 리서치 아이디어 수집...
   6개 아이디어 수집
✏️  scorer.py 수정...
   변경: Purity +3%, 고빈도 페널티 활성화
15
⏱️  시뮬레이션 (5초)...

─────────────────────────────────────────────
선별 트레이더: 5명
가중 EPT_net:  $1078.5995/trade
평균 MDD:      0.0%
follower_loss: -1078.599503  ← 낮을수록 좋음

선별된 트레이더:
  [A]                       CRS=100.4  ratio=0.094  EPT=$2906.5341
  [A]                       CRS=100.4  ratio=0.088  EPT=$157.7567
  [A]                       CRS=100.4  ratio=0.096  EPT=$785.8988
  [A]                       CRS=95.4  ratio=0.088  EPT=$1065.6946
       ⚠️ 고빈도 슬리피지 위험 (300건, 패널티=0.05)
  [A]                       CRS=95.4  ratio=0.088  EPT=$368.5656
       ⚠️ 고빈도 슬리피지 위험 (300건, 패널티=0.05)

─────────────────────────────────────────────
이전 최고: -1078.599503
현재 결과: -1078.599503
❌ 개선 없음 (+0.000000) → git revert 권장

📝 기록: autoresearch/results.jsonl
=======================================================


❌ 미개선. revert.

── 실험 #60/100 ──────────────────────
📚 리서치 아이디어 수집...
   6개 아이디어 수집
✏️  scorer.py 수정...
   변경: perturbation 범위 초과 → 스킵
15
⏱️  시뮬레이션 (5초)...

─────────────────────────────────────────────
선별 트레이더: 5명
가중 EPT_net:  $1078.5995/trade
평균 MDD:      0.0%
follower_loss: -1078.599503  ← 낮을수록 좋음

선별된 트레이더:
  [A]                       CRS=100.4  ratio=0.094  EPT=$2906.5341
  [A]                       CRS=100.4  ratio=0.088  EPT=$157.7567
  [A]                       CRS=100.4  ratio=0.096  EPT=$785.8988
  [A]                       CRS=95.4  ratio=0.088  EPT=$1065.6946
       ⚠️ 고빈도 슬리피지 위험 (300건, 패널티=0.05)
  [A]                       CRS=95.4  ratio=0.088  EPT=$368.5656
       ⚠️ 고빈도 슬리피지 위험 (300건, 패널티=0.05)

─────────────────────────────────────────────
이전 최고: -1078.599503
현재 결과: -1078.599503
❌ 개선 없음 (+0.000000) → git revert 권장

📝 기록: autoresearch/results.jsonl
=======================================================


❌ 미개선. revert.
⚡ 3회 연속 미개선 → 탐색 전략 변경

── 실험 #61/100 ──────────────────────
📚 리서치 아이디어 수집...
   6개 아이디어 수집
✏️  scorer.py 수정...
   변경: EPT_net 가중치 +5%, PF -5%, purity 임계값 0.25 → 0.22
15
⏱️  시뮬레이션 (5초)...

─────────────────────────────────────────────
선별 트레이더: 5명
가중 EPT_net:  $1078.5995/trade
평균 MDD:      0.0%
follower_loss: -1078.599503  ← 낮을수록 좋음

선별된 트레이더:
  [A]                       CRS=100.6  ratio=0.094  EPT=$2906.5341
  [A]                       CRS=100.6  ratio=0.088  EPT=$157.7567
  [A]                       CRS=100.6  ratio=0.096  EPT=$785.8988
  [A]                       CRS=95.6  ratio=0.088  EPT=$1065.6946
       ⚠️ 고빈도 슬리피지 위험 (300건, 패널티=0.05)
  [A]                       CRS=95.6  ratio=0.088  EPT=$368.5656
       ⚠️ 고빈도 슬리피지 위험 (300건, 패널티=0.05)

─────────────────────────────────────────────
이전 최고: -1078.599503
현재 결과: -1078.599503
❌ 개선 없음 (+0.000000) → git revert 권장

📝 기록: autoresearch/results.jsonl
=======================================================


❌ 미개선. revert.

── 실험 #62/100 ──────────────────────
📚 리서치 아이디어 수집...
   6개 아이디어 수집
✏️  scorer.py 수정...
   변경: Purity +3%, 고빈도 페널티 활성화
15
⏱️  시뮬레이션 (5초)...

─────────────────────────────────────────────
선별 트레이더: 5명
가중 EPT_net:  $1078.5995/trade
평균 MDD:      0.0%
follower_loss: -1078.599503  ← 낮을수록 좋음

선별된 트레이더:
  [A]                       CRS=100.4  ratio=0.094  EPT=$2906.5341
  [A]                       CRS=100.4  ratio=0.088  EPT=$157.7567
  [A]                       CRS=100.4  ratio=0.096  EPT=$785.8988
  [A]                       CRS=95.4  ratio=0.088  EPT=$1065.6946
       ⚠️ 고빈도 슬리피지 위험 (300건, 패널티=0.05)
  [A]                       CRS=95.4  ratio=0.088  EPT=$368.5656
       ⚠️ 고빈도 슬리피지 위험 (300건, 패널티=0.05)

─────────────────────────────────────────────
이전 최고: -1078.599503
현재 결과: -1078.599503
❌ 개선 없음 (+0.000000) → git revert 권장

📝 기록: autoresearch/results.jsonl
=======================================================


❌ 미개선. revert.

── 실험 #63/100 ──────────────────────
📚 리서치 아이디어 수집...
   6개 아이디어 수집
✏️  scorer.py 수정...
   변경: perturbation 범위 초과 → 스킵
15
⏱️  시뮬레이션 (5초)...

─────────────────────────────────────────────
선별 트레이더: 5명
가중 EPT_net:  $1078.5995/trade
평균 MDD:      0.0%
follower_loss: -1078.599503  ← 낮을수록 좋음

선별된 트레이더:
  [A]                       CRS=100.4  ratio=0.094  EPT=$2906.5341
  [A]                       CRS=100.4  ratio=0.088  EPT=$157.7567
  [A]                       CRS=100.4  ratio=0.096  EPT=$785.8988
  [A]                       CRS=95.4  ratio=0.088  EPT=$1065.6946
       ⚠️ 고빈도 슬리피지 위험 (300건, 패널티=0.05)
  [A]                       CRS=95.4  ratio=0.088  EPT=$368.5656
       ⚠️ 고빈도 슬리피지 위험 (300건, 패널티=0.05)

─────────────────────────────────────────────
이전 최고: -1078.599503
현재 결과: -1078.599503
❌ 개선 없음 (+0.000000) → git revert 권장

📝 기록: autoresearch/results.jsonl
=======================================================


❌ 미개선. revert.
⚡ 3회 연속 미개선 → 탐색 전략 변경

── 실험 #64/100 ──────────────────────
📚 리서치 아이디어 수집...
   6개 아이디어 수집
✏️  scorer.py 수정...
   변경: EPT_net 가중치 +5%, PF -5%
15
⏱️  시뮬레이션 (5초)...

─────────────────────────────────────────────
선별 트레이더: 5명
가중 EPT_net:  $1078.5995/trade
평균 MDD:      0.0%
follower_loss: -1078.599503  ← 낮을수록 좋음

선별된 트레이더:
  [A]                       CRS=100.4  ratio=0.094  EPT=$2906.5341
  [A]                       CRS=100.4  ratio=0.088  EPT=$157.7567
  [A]                       CRS=100.4  ratio=0.096  EPT=$785.8988
  [A]                       CRS=95.4  ratio=0.088  EPT=$1065.6946
       ⚠️ 고빈도 슬리피지 위험 (300건, 패널티=0.05)
  [A]                       CRS=95.4  ratio=0.088  EPT=$368.5656
       ⚠️ 고빈도 슬리피지 위험 (300건, 패널티=0.05)

─────────────────────────────────────────────
이전 최고: -1078.599503
현재 결과: -1078.599503
❌ 개선 없음 (+0.000000) → git revert 권장

📝 기록: autoresearch/results.jsonl
=======================================================


❌ 미개선. revert.

── 실험 #65/100 ──────────────────────
📚 리서치 아이디어 수집...
   6개 아이디어 수집
✏️  scorer.py 수정...
   변경: Purity +3%, 고빈도 페널티 활성화
15
⏱️  시뮬레이션 (5초)...

─────────────────────────────────────────────
선별 트레이더: 5명
가중 EPT_net:  $1078.5995/trade
평균 MDD:      0.0%
follower_loss: -1078.599503  ← 낮을수록 좋음

선별된 트레이더:
  [A]                       CRS=100.4  ratio=0.094  EPT=$2906.5341
  [A]                       CRS=100.4  ratio=0.088  EPT=$157.7567
  [A]                       CRS=100.4  ratio=0.096  EPT=$785.8988
  [A]                       CRS=95.4  ratio=0.088  EPT=$1065.6946
       ⚠️ 고빈도 슬리피지 위험 (300건, 패널티=0.05)
  [A]                       CRS=95.4  ratio=0.088  EPT=$368.5656
       ⚠️ 고빈도 슬리피지 위험 (300건, 패널티=0.05)

─────────────────────────────────────────────
이전 최고: -1078.599503
현재 결과: -1078.599503
❌ 개선 없음 (+0.000000) → git revert 권장

📝 기록: autoresearch/results.jsonl
=======================================================


❌ 미개선. revert.

── 실험 #66/100 ──────────────────────
📚 리서치 아이디어 수집...
   6개 아이디어 수집
✏️  scorer.py 수정...
   변경: w_ept_net +0.05, w_sortino -0.05, purity 임계값 0.25 → 0.22
15
⏱️  시뮬레이션 (5초)...

─────────────────────────────────────────────
선별 트레이더: 5명
가중 EPT_net:  $1078.5995/trade
평균 MDD:      0.0%
follower_loss: -1078.599503  ← 낮을수록 좋음

선별된 트레이더:
  [A]                       CRS=100.6  ratio=0.094  EPT=$2906.5341
  [A]                       CRS=100.6  ratio=0.088  EPT=$157.7567
  [A]                       CRS=100.6  ratio=0.096  EPT=$785.8988
  [A]                       CRS=95.6  ratio=0.088  EPT=$1065.6946
       ⚠️ 고빈도 슬리피지 위험 (300건, 패널티=0.05)
  [A]                       CRS=95.6  ratio=0.088  EPT=$368.5656
       ⚠️ 고빈도 슬리피지 위험 (300건, 패널티=0.05)

─────────────────────────────────────────────
이전 최고: -1078.599503
현재 결과: -1078.599503
❌ 개선 없음 (+0.000000) → git revert 권장

📝 기록: autoresearch/results.jsonl
=======================================================


❌ 미개선. revert.
⚡ 3회 연속 미개선 → 탐색 전략 변경

── 실험 #67/100 ──────────────────────
📚 리서치 아이디어 수집...
   6개 아이디어 수집
✏️  scorer.py 수정...
   변경: EPT_net 가중치 +5%, PF -5%
15
⏱️  시뮬레이션 (5초)...

─────────────────────────────────────────────
선별 트레이더: 5명
가중 EPT_net:  $1078.5995/trade
평균 MDD:      0.0%
follower_loss: -1078.599503  ← 낮을수록 좋음

선별된 트레이더:
  [A]                       CRS=100.4  ratio=0.094  EPT=$2906.5341
  [A]                       CRS=100.4  ratio=0.088  EPT=$157.7567
  [A]                       CRS=100.4  ratio=0.096  EPT=$785.8988
  [A]                       CRS=95.4  ratio=0.088  EPT=$1065.6946
       ⚠️ 고빈도 슬리피지 위험 (300건, 패널티=0.05)
  [A]                       CRS=95.4  ratio=0.088  EPT=$368.5656
       ⚠️ 고빈도 슬리피지 위험 (300건, 패널티=0.05)

─────────────────────────────────────────────
이전 최고: -1078.599503
현재 결과: -1078.599503
❌ 개선 없음 (+0.000000) → git revert 권장

📝 기록: autoresearch/results.jsonl
=======================================================


❌ 미개선. revert.

── 실험 #68/100 ──────────────────────
📚 리서치 아이디어 수집...
   6개 아이디어 수집
✏️  scorer.py 수정...
   변경: Purity +3%, 고빈도 페널티 활성화
15
⏱️  시뮬레이션 (5초)...

─────────────────────────────────────────────
선별 트레이더: 5명
가중 EPT_net:  $1078.5995/trade
평균 MDD:      0.0%
follower_loss: -1078.599503  ← 낮을수록 좋음

선별된 트레이더:
  [A]                       CRS=100.4  ratio=0.094  EPT=$2906.5341
  [A]                       CRS=100.4  ratio=0.088  EPT=$157.7567
  [A]                       CRS=100.4  ratio=0.096  EPT=$785.8988
  [A]                       CRS=95.4  ratio=0.088  EPT=$1065.6946
       ⚠️ 고빈도 슬리피지 위험 (300건, 패널티=0.05)
  [A]                       CRS=95.4  ratio=0.088  EPT=$368.5656
       ⚠️ 고빈도 슬리피지 위험 (300건, 패널티=0.05)

─────────────────────────────────────────────
이전 최고: -1078.599503
현재 결과: -1078.599503
❌ 개선 없음 (+0.000000) → git revert 권장

📝 기록: autoresearch/results.jsonl
=======================================================


❌ 미개선. revert.

── 실험 #69/100 ──────────────────────
📚 리서치 아이디어 수집...
   6개 아이디어 수집
✏️  scorer.py 수정...
   변경: perturbation 범위 초과 → 스킵
15
⏱️  시뮬레이션 (5초)...

─────────────────────────────────────────────
선별 트레이더: 5명
가중 EPT_net:  $1078.5995/trade
평균 MDD:      0.0%
follower_loss: -1078.599503  ← 낮을수록 좋음

선별된 트레이더:
  [A]                       CRS=100.4  ratio=0.094  EPT=$2906.5341
  [A]                       CRS=100.4  ratio=0.088  EPT=$157.7567
  [A]                       CRS=100.4  ratio=0.096  EPT=$785.8988
  [A]                       CRS=95.4  ratio=0.088  EPT=$1065.6946
       ⚠️ 고빈도 슬리피지 위험 (300건, 패널티=0.05)
  [A]                       CRS=95.4  ratio=0.088  EPT=$368.5656
       ⚠️ 고빈도 슬리피지 위험 (300건, 패널티=0.05)

─────────────────────────────────────────────
이전 최고: -1078.599503
현재 결과: -1078.599503
❌ 개선 없음 (+0.000000) → git revert 권장

📝 기록: autoresearch/results.jsonl
=======================================================


❌ 미개선. revert.
⚡ 3회 연속 미개선 → 탐색 전략 변경

── 실험 #70/100 ──────────────────────
📚 리서치 아이디어 수집...
   6개 아이디어 수집
✏️  scorer.py 수정...
   변경: EPT_net 가중치 +5%, PF -5%
15
⏱️  시뮬레이션 (5초)...

─────────────────────────────────────────────
선별 트레이더: 5명
가중 EPT_net:  $1078.5995/trade
평균 MDD:      0.0%
follower_loss: -1078.599503  ← 낮을수록 좋음

선별된 트레이더:
  [A]                       CRS=100.4  ratio=0.094  EPT=$2906.5341
  [A]                       CRS=100.4  ratio=0.088  EPT=$157.7567
  [A]                       CRS=100.4  ratio=0.096  EPT=$785.8988
  [A]                       CRS=95.4  ratio=0.088  EPT=$1065.6946
       ⚠️ 고빈도 슬리피지 위험 (300건, 패널티=0.05)
  [A]                       CRS=95.4  ratio=0.088  EPT=$368.5656
       ⚠️ 고빈도 슬리피지 위험 (300건, 패널티=0.05)

─────────────────────────────────────────────
이전 최고: -1078.599503
현재 결과: -1078.599503
❌ 개선 없음 (+0.000000) → git revert 권장

📝 기록: autoresearch/results.jsonl
=======================================================


❌ 미개선. revert.

── 실험 #71/100 ──────────────────────
📚 리서치 아이디어 수집...
   6개 아이디어 수집
✏️  scorer.py 수정...
   변경: Purity +3%, 고빈도 페널티 활성화, purity 임계값 0.25 → 0.22
15
⏱️  시뮬레이션 (5초)...

─────────────────────────────────────────────
선별 트레이더: 5명
가중 EPT_net:  $1078.5995/trade
평균 MDD:      0.0%
follower_loss: -1078.599503  ← 낮을수록 좋음

선별된 트레이더:
  [A]                       CRS=100.6  ratio=0.094  EPT=$2906.5341
  [A]                       CRS=100.6  ratio=0.088  EPT=$157.7567
  [A]                       CRS=100.6  ratio=0.096  EPT=$785.8988
  [A]                       CRS=95.6  ratio=0.088  EPT=$1065.6946
       ⚠️ 고빈도 슬리피지 위험 (300건, 패널티=0.05)
  [A]                       CRS=95.6  ratio=0.088  EPT=$368.5656
       ⚠️ 고빈도 슬리피지 위험 (300건, 패널티=0.05)

─────────────────────────────────────────────
이전 최고: -1078.599503
현재 결과: -1078.599503
❌ 개선 없음 (+0.000000) → git revert 권장

📝 기록: autoresearch/results.jsonl
=======================================================


❌ 미개선. revert.

── 실험 #72/100 ──────────────────────
📚 리서치 아이디어 수집...
   6개 아이디어 수집
✏️  scorer.py 수정...
   변경: w_profit_factor +0.05, w_sharpe -0.05
15
⏱️  시뮬레이션 (5초)...

─────────────────────────────────────────────
선별 트레이더: 5명
가중 EPT_net:  $1078.5995/trade
평균 MDD:      0.0%
follower_loss: -1078.599503  ← 낮을수록 좋음

선별된 트레이더:
  [A]                       CRS=100.4  ratio=0.094  EPT=$2906.5341
  [A]                       CRS=100.4  ratio=0.088  EPT=$157.7567
  [A]                       CRS=100.4  ratio=0.096  EPT=$785.8988
  [A]                       CRS=95.4  ratio=0.088  EPT=$1065.6946
       ⚠️ 고빈도 슬리피지 위험 (300건, 패널티=0.05)
  [A]                       CRS=95.4  ratio=0.088  EPT=$368.5656
       ⚠️ 고빈도 슬리피지 위험 (300건, 패널티=0.05)

─────────────────────────────────────────────
이전 최고: -1078.599503
현재 결과: -1078.599503
❌ 개선 없음 (+0.000000) → git revert 권장

📝 기록: autoresearch/results.jsonl
=======================================================


❌ 미개선. revert.
⚡ 3회 연속 미개선 → 탐색 전략 변경

── 실험 #73/100 ──────────────────────
📚 리서치 아이디어 수집...
   6개 아이디어 수집
✏️  scorer.py 수정...
   변경: EPT_net 가중치 +5%, PF -5%
15
⏱️  시뮬레이션 (5초)...

─────────────────────────────────────────────
선별 트레이더: 5명
가중 EPT_net:  $1078.5995/trade
평균 MDD:      0.0%
follower_loss: -1078.599503  ← 낮을수록 좋음

선별된 트레이더:
  [A]                       CRS=100.4  ratio=0.094  EPT=$2906.5341
  [A]                       CRS=100.4  ratio=0.088  EPT=$157.7567
  [A]                       CRS=100.4  ratio=0.096  EPT=$785.8988
  [A]                       CRS=95.4  ratio=0.088  EPT=$1065.6946
       ⚠️ 고빈도 슬리피지 위험 (300건, 패널티=0.05)
  [A]                       CRS=95.4  ratio=0.088  EPT=$368.5656
       ⚠️ 고빈도 슬리피지 위험 (300건, 패널티=0.05)

─────────────────────────────────────────────
이전 최고: -1078.599503
현재 결과: -1078.599503
❌ 개선 없음 (+0.000000) → git revert 권장

📝 기록: autoresearch/results.jsonl
=======================================================


❌ 미개선. revert.

── 실험 #74/100 ──────────────────────
📚 리서치 아이디어 수집...
   6개 아이디어 수집
✏️  scorer.py 수정...
   변경: Purity +3%, 고빈도 페널티 활성화
15
⏱️  시뮬레이션 (5초)...

─────────────────────────────────────────────
선별 트레이더: 5명
가중 EPT_net:  $1078.5995/trade
평균 MDD:      0.0%
follower_loss: -1078.599503  ← 낮을수록 좋음

선별된 트레이더:
  [A]                       CRS=100.4  ratio=0.094  EPT=$2906.5341
  [A]                       CRS=100.4  ratio=0.088  EPT=$157.7567
  [A]                       CRS=100.4  ratio=0.096  EPT=$785.8988
  [A]                       CRS=95.4  ratio=0.088  EPT=$1065.6946
       ⚠️ 고빈도 슬리피지 위험 (300건, 패널티=0.05)
  [A]                       CRS=95.4  ratio=0.088  EPT=$368.5656
       ⚠️ 고빈도 슬리피지 위험 (300건, 패널티=0.05)

─────────────────────────────────────────────
이전 최고: -1078.599503
현재 결과: -1078.599503
❌ 개선 없음 (+0.000000) → git revert 권장

📝 기록: autoresearch/results.jsonl
=======================================================


❌ 미개선. revert.

── 실험 #75/100 ──────────────────────
📚 리서치 아이디어 수집...
   6개 아이디어 수집
✏️  scorer.py 수정...
   변경: w_sortino +0.06, w_sharpe -0.06
15
⏱️  시뮬레이션 (5초)...

─────────────────────────────────────────────
선별 트레이더: 5명
가중 EPT_net:  $1078.5995/trade
평균 MDD:      0.0%
follower_loss: -1078.599503  ← 낮을수록 좋음

선별된 트레이더:
  [A]                       CRS=100.4  ratio=0.094  EPT=$2906.5341
  [A]                       CRS=100.4  ratio=0.088  EPT=$157.7567
  [A]                       CRS=100.4  ratio=0.096  EPT=$785.8988
  [A]                       CRS=95.4  ratio=0.088  EPT=$1065.6946
       ⚠️ 고빈도 슬리피지 위험 (300건, 패널티=0.05)
  [A]                       CRS=95.4  ratio=0.088  EPT=$368.5656
       ⚠️ 고빈도 슬리피지 위험 (300건, 패널티=0.05)

─────────────────────────────────────────────
이전 최고: -1078.599503
현재 결과: -1078.599503
❌ 개선 없음 (+0.000000) → git revert 권장

📝 기록: autoresearch/results.jsonl
=======================================================


❌ 미개선. revert.
⚡ 3회 연속 미개선 → 탐색 전략 변경

── 실험 #76/100 ──────────────────────
📚 리서치 아이디어 수집...
   6개 아이디어 수집
✏️  scorer.py 수정...
   변경: EPT_net 가중치 +5%, PF -5%, purity 임계값 0.25 → 0.22
15
⏱️  시뮬레이션 (5초)...

─────────────────────────────────────────────
선별 트레이더: 5명
가중 EPT_net:  $1078.5995/trade
평균 MDD:      0.0%
follower_loss: -1078.599503  ← 낮을수록 좋음

선별된 트레이더:
  [A]                       CRS=100.6  ratio=0.094  EPT=$2906.5341
  [A]                       CRS=100.6  ratio=0.088  EPT=$157.7567
  [A]                       CRS=100.6  ratio=0.096  EPT=$785.8988
  [A]                       CRS=95.6  ratio=0.088  EPT=$1065.6946
       ⚠️ 고빈도 슬리피지 위험 (300건, 패널티=0.05)
  [A]                       CRS=95.6  ratio=0.088  EPT=$368.5656
       ⚠️ 고빈도 슬리피지 위험 (300건, 패널티=0.05)

─────────────────────────────────────────────
이전 최고: -1078.599503
현재 결과: -1078.599503
❌ 개선 없음 (+0.000000) → git revert 권장

📝 기록: autoresearch/results.jsonl
=======================================================


❌ 미개선. revert.

── 실험 #77/100 ──────────────────────
📚 리서치 아이디어 수집...
   6개 아이디어 수집
✏️  scorer.py 수정...
   변경: Purity +3%, 고빈도 페널티 활성화
15
⏱️  시뮬레이션 (5초)...

─────────────────────────────────────────────
선별 트레이더: 5명
가중 EPT_net:  $1078.5995/trade
평균 MDD:      0.0%
follower_loss: -1078.599503  ← 낮을수록 좋음

선별된 트레이더:
  [A]                       CRS=100.4  ratio=0.094  EPT=$2906.5341
  [A]                       CRS=100.4  ratio=0.088  EPT=$157.7567
  [A]                       CRS=100.4  ratio=0.096  EPT=$785.8988
  [A]                       CRS=95.4  ratio=0.088  EPT=$1065.6946
       ⚠️ 고빈도 슬리피지 위험 (300건, 패널티=0.05)
  [A]                       CRS=95.4  ratio=0.088  EPT=$368.5656
       ⚠️ 고빈도 슬리피지 위험 (300건, 패널티=0.05)

─────────────────────────────────────────────
이전 최고: -1078.599503
현재 결과: -1078.599503
❌ 개선 없음 (+0.000000) → git revert 권장

📝 기록: autoresearch/results.jsonl
=======================================================


❌ 미개선. revert.

── 실험 #78/100 ──────────────────────
📚 리서치 아이디어 수집...
   6개 아이디어 수집
✏️  scorer.py 수정...
   변경: w_sortino +0.03, w_sharpe -0.03
15
⏱️  시뮬레이션 (5초)...

─────────────────────────────────────────────
선별 트레이더: 5명
가중 EPT_net:  $1078.5995/trade
평균 MDD:      0.0%
follower_loss: -1078.599503  ← 낮을수록 좋음

선별된 트레이더:
  [A]                       CRS=100.4  ratio=0.094  EPT=$2906.5341
  [A]                       CRS=100.4  ratio=0.088  EPT=$157.7567
  [A]                       CRS=100.4  ratio=0.096  EPT=$785.8988
  [A]                       CRS=95.4  ratio=0.088  EPT=$1065.6946
       ⚠️ 고빈도 슬리피지 위험 (300건, 패널티=0.05)
  [A]                       CRS=95.4  ratio=0.088  EPT=$368.5656
       ⚠️ 고빈도 슬리피지 위험 (300건, 패널티=0.05)

─────────────────────────────────────────────
이전 최고: -1078.599503
현재 결과: -1078.599503
❌ 개선 없음 (+0.000000) → git revert 권장

📝 기록: autoresearch/results.jsonl
=======================================================


❌ 미개선. revert.
⚡ 3회 연속 미개선 → 탐색 전략 변경

── 실험 #79/100 ──────────────────────
📚 리서치 아이디어 수집...
   6개 아이디어 수집
✏️  scorer.py 수정...
   변경: EPT_net 가중치 +5%, PF -5%
15
⏱️  시뮬레이션 (5초)...

─────────────────────────────────────────────
선별 트레이더: 5명
가중 EPT_net:  $1078.5995/trade
평균 MDD:      0.0%
follower_loss: -1078.599503  ← 낮을수록 좋음

선별된 트레이더:
  [A]                       CRS=100.4  ratio=0.094  EPT=$2906.5341
  [A]                       CRS=100.4  ratio=0.088  EPT=$157.7567
  [A]                       CRS=100.4  ratio=0.096  EPT=$785.8988
  [A]                       CRS=95.4  ratio=0.088  EPT=$1065.6946
       ⚠️ 고빈도 슬리피지 위험 (300건, 패널티=0.05)
  [A]                       CRS=95.4  ratio=0.088  EPT=$368.5656
       ⚠️ 고빈도 슬리피지 위험 (300건, 패널티=0.05)

─────────────────────────────────────────────
이전 최고: -1078.599503
현재 결과: -1078.599503
❌ 개선 없음 (+0.000000) → git revert 권장

📝 기록: autoresearch/results.jsonl
=======================================================


❌ 미개선. revert.

── 실험 #80/100 ──────────────────────
📚 리서치 아이디어 수집...
   6개 아이디어 수집
✏️  scorer.py 수정...
   변경: Purity +3%, 고빈도 페널티 활성화
15
⏱️  시뮬레이션 (5초)...

─────────────────────────────────────────────
선별 트레이더: 5명
가중 EPT_net:  $1078.5995/trade
평균 MDD:      0.0%
follower_loss: -1078.599503  ← 낮을수록 좋음

선별된 트레이더:
  [A]                       CRS=100.4  ratio=0.094  EPT=$2906.5341
  [A]                       CRS=100.4  ratio=0.088  EPT=$157.7567
  [A]                       CRS=100.4  ratio=0.096  EPT=$785.8988
  [A]                       CRS=95.4  ratio=0.088  EPT=$1065.6946
       ⚠️ 고빈도 슬리피지 위험 (300건, 패널티=0.05)
  [A]                       CRS=95.4  ratio=0.088  EPT=$368.5656
       ⚠️ 고빈도 슬리피지 위험 (300건, 패널티=0.05)

─────────────────────────────────────────────
이전 최고: -1078.599503
현재 결과: -1078.599503
❌ 개선 없음 (+0.000000) → git revert 권장

📝 기록: autoresearch/results.jsonl
=======================================================


❌ 미개선. revert.

── 실험 #81/100 ──────────────────────
📚 리서치 아이디어 수집...
   6개 아이디어 수집
✏️  scorer.py 수정...
   변경: w_sample +0.05, w_sortino -0.05, purity 임계값 0.25 → 0.22
=0.15
⏱️  시뮬레이션 (5초)...

─────────────────────────────────────────────
선별 트레이더: 5명
가중 EPT_net:  $1078.5995/trade
평균 MDD:      0.0%
follower_loss: -1078.599503  ← 낮을수록 좋음

선별된 트레이더:
  [A]                       CRS=95.6  ratio=0.094  EPT=$2906.5341
  [A]                       CRS=95.6  ratio=0.088  EPT=$157.7567
  [A]                       CRS=95.6  ratio=0.096  EPT=$785.8988
  [A]                       CRS=90.6  ratio=0.088  EPT=$1065.6946
       ⚠️ 고빈도 슬리피지 위험 (300건, 패널티=0.05)
  [A]                       CRS=90.6  ratio=0.088  EPT=$368.5656
       ⚠️ 고빈도 슬리피지 위험 (300건, 패널티=0.05)

─────────────────────────────────────────────
이전 최고: -1078.599503
현재 결과: -1078.599503
❌ 개선 없음 (+0.000000) → git revert 권장

📝 기록: autoresearch/results.jsonl
=======================================================


❌ 미개선. revert.
⚡ 3회 연속 미개선 → 탐색 전략 변경

── 실험 #82/100 ──────────────────────
📚 리서치 아이디어 수집...
   6개 아이디어 수집
✏️  scorer.py 수정...
   변경: EPT_net 가중치 +5%, PF -5%
15
⏱️  시뮬레이션 (5초)...

─────────────────────────────────────────────
선별 트레이더: 5명
가중 EPT_net:  $1078.5995/trade
평균 MDD:      0.0%
follower_loss: -1078.599503  ← 낮을수록 좋음

선별된 트레이더:
  [A]                       CRS=100.4  ratio=0.094  EPT=$2906.5341
  [A]                       CRS=100.4  ratio=0.088  EPT=$157.7567
  [A]                       CRS=100.4  ratio=0.096  EPT=$785.8988
  [A]                       CRS=95.4  ratio=0.088  EPT=$1065.6946
       ⚠️ 고빈도 슬리피지 위험 (300건, 패널티=0.05)
  [A]                       CRS=95.4  ratio=0.088  EPT=$368.5656
       ⚠️ 고빈도 슬리피지 위험 (300건, 패널티=0.05)

─────────────────────────────────────────────
이전 최고: -1078.599503
현재 결과: -1078.599503
❌ 개선 없음 (+0.000000) → git revert 권장

📝 기록: autoresearch/results.jsonl
=======================================================


❌ 미개선. revert.

── 실험 #83/100 ──────────────────────
📚 리서치 아이디어 수집...
   6개 아이디어 수집
✏️  scorer.py 수정...
   변경: Purity +3%, 고빈도 페널티 활성화
15
⏱️  시뮬레이션 (5초)...

─────────────────────────────────────────────
선별 트레이더: 5명
가중 EPT_net:  $1078.5995/trade
평균 MDD:      0.0%
follower_loss: -1078.599503  ← 낮을수록 좋음

선별된 트레이더:
  [A]                       CRS=100.4  ratio=0.094  EPT=$2906.5341
  [A]                       CRS=100.4  ratio=0.088  EPT=$157.7567
  [A]                       CRS=100.4  ratio=0.096  EPT=$785.8988
  [A]                       CRS=95.4  ratio=0.088  EPT=$1065.6946
       ⚠️ 고빈도 슬리피지 위험 (300건, 패널티=0.05)
  [A]                       CRS=95.4  ratio=0.088  EPT=$368.5656
       ⚠️ 고빈도 슬리피지 위험 (300건, 패널티=0.05)

─────────────────────────────────────────────
이전 최고: -1078.599503
현재 결과: -1078.599503
❌ 개선 없음 (+0.000000) → git revert 권장

📝 기록: autoresearch/results.jsonl
=======================================================


❌ 미개선. revert.

── 실험 #84/100 ──────────────────────
📚 리서치 아이디어 수집...
   6개 아이디어 수집
✏️  scorer.py 수정...
   변경: w_mdd +0.03, w_profit_factor -0.03
15
⏱️  시뮬레이션 (5초)...

─────────────────────────────────────────────
선별 트레이더: 5명
가중 EPT_net:  $1078.5995/trade
평균 MDD:      0.0%
follower_loss: -1078.599503  ← 낮을수록 좋음

선별된 트레이더:
  [A]                       CRS=100.4  ratio=0.094  EPT=$2906.5341
  [A]                       CRS=100.4  ratio=0.088  EPT=$157.7567
  [A]                       CRS=100.4  ratio=0.096  EPT=$785.8988
  [A]                       CRS=95.4  ratio=0.088  EPT=$1065.6946
       ⚠️ 고빈도 슬리피지 위험 (300건, 패널티=0.05)
  [A]                       CRS=95.4  ratio=0.088  EPT=$368.5656
       ⚠️ 고빈도 슬리피지 위험 (300건, 패널티=0.05)

─────────────────────────────────────────────
이전 최고: -1078.599503
현재 결과: -1078.599503
❌ 개선 없음 (+0.000000) → git revert 권장

📝 기록: autoresearch/results.jsonl
=======================================================


❌ 미개선. revert.
⚡ 3회 연속 미개선 → 탐색 전략 변경

── 실험 #85/100 ──────────────────────
📚 리서치 아이디어 수집...
   6개 아이디어 수집
✏️  scorer.py 수정...
   변경: EPT_net 가중치 +5%, PF -5%
15
⏱️  시뮬레이션 (5초)...

─────────────────────────────────────────────
선별 트레이더: 5명
가중 EPT_net:  $1078.5995/trade
평균 MDD:      0.0%
follower_loss: -1078.599503  ← 낮을수록 좋음

선별된 트레이더:
  [A]                       CRS=100.4  ratio=0.094  EPT=$2906.5341
  [A]                       CRS=100.4  ratio=0.088  EPT=$157.7567
  [A]                       CRS=100.4  ratio=0.096  EPT=$785.8988
  [A]                       CRS=95.4  ratio=0.088  EPT=$1065.6946
       ⚠️ 고빈도 슬리피지 위험 (300건, 패널티=0.05)
  [A]                       CRS=95.4  ratio=0.088  EPT=$368.5656
       ⚠️ 고빈도 슬리피지 위험 (300건, 패널티=0.05)

─────────────────────────────────────────────
이전 최고: -1078.599503
현재 결과: -1078.599503
❌ 개선 없음 (+0.000000) → git revert 권장

📝 기록: autoresearch/results.jsonl
=======================================================


❌ 미개선. revert.

── 실험 #86/100 ──────────────────────
📚 리서치 아이디어 수집...
   6개 아이디어 수집
✏️  scorer.py 수정...
   변경: Purity +3%, 고빈도 페널티 활성화, purity 임계값 0.25 → 0.28
15
⏱️  시뮬레이션 (5초)...

─────────────────────────────────────────────
선별 트레이더: 5명
가중 EPT_net:  $1078.5995/trade
평균 MDD:      0.0%
follower_loss: -1078.599503  ← 낮을수록 좋음

선별된 트레이더:
  [A]                       CRS=100.2  ratio=0.094  EPT=$2906.5341
  [A]                       CRS=100.2  ratio=0.088  EPT=$157.7567
  [A]                       CRS=100.2  ratio=0.096  EPT=$785.8988
  [A]                       CRS=95.2  ratio=0.088  EPT=$1065.6946
       ⚠️ 고빈도 슬리피지 위험 (300건, 패널티=0.05)
  [A]                       CRS=95.2  ratio=0.088  EPT=$368.5656
       ⚠️ 고빈도 슬리피지 위험 (300건, 패널티=0.05)

─────────────────────────────────────────────
이전 최고: -1078.599503
현재 결과: -1078.599503
❌ 개선 없음 (+0.000000) → git revert 권장

📝 기록: autoresearch/results.jsonl
=======================================================


❌ 미개선. revert.

── 실험 #87/100 ──────────────────────
📚 리서치 아이디어 수집...
   6개 아이디어 수집
✏️  scorer.py 수정...
   변경: w_ept_net +0.04, w_sharpe -0.04
15
⏱️  시뮬레이션 (5초)...

─────────────────────────────────────────────
선별 트레이더: 5명
가중 EPT_net:  $1078.5995/trade
평균 MDD:      0.0%
follower_loss: -1078.599503  ← 낮을수록 좋음

선별된 트레이더:
  [A]                       CRS=100.4  ratio=0.094  EPT=$2906.5341
  [A]                       CRS=100.4  ratio=0.088  EPT=$157.7567
  [A]                       CRS=100.4  ratio=0.096  EPT=$785.8988
  [A]                       CRS=95.4  ratio=0.088  EPT=$1065.6946
       ⚠️ 고빈도 슬리피지 위험 (300건, 패널티=0.05)
  [A]                       CRS=95.4  ratio=0.088  EPT=$368.5656
       ⚠️ 고빈도 슬리피지 위험 (300건, 패널티=0.05)

─────────────────────────────────────────────
이전 최고: -1078.599503
현재 결과: -1078.599503
❌ 개선 없음 (+0.000000) → git revert 권장

📝 기록: autoresearch/results.jsonl
=======================================================


❌ 미개선. revert.
⚡ 3회 연속 미개선 → 탐색 전략 변경

── 실험 #88/100 ──────────────────────
📚 리서치 아이디어 수집...
   6개 아이디어 수집
✏️  scorer.py 수정...
   변경: EPT_net 가중치 +5%, PF -5%
15
⏱️  시뮬레이션 (5초)...

─────────────────────────────────────────────
선별 트레이더: 5명
가중 EPT_net:  $1078.5995/trade
평균 MDD:      0.0%
follower_loss: -1078.599503  ← 낮을수록 좋음

선별된 트레이더:
  [A]                       CRS=100.4  ratio=0.094  EPT=$2906.5341
  [A]                       CRS=100.4  ratio=0.088  EPT=$157.7567
  [A]                       CRS=100.4  ratio=0.096  EPT=$785.8988
  [A]                       CRS=95.4  ratio=0.088  EPT=$1065.6946
       ⚠️ 고빈도 슬리피지 위험 (300건, 패널티=0.05)
  [A]                       CRS=95.4  ratio=0.088  EPT=$368.5656
       ⚠️ 고빈도 슬리피지 위험 (300건, 패널티=0.05)

─────────────────────────────────────────────
이전 최고: -1078.599503
현재 결과: -1078.599503
❌ 개선 없음 (+0.000000) → git revert 권장

📝 기록: autoresearch/results.jsonl
=======================================================


❌ 미개선. revert.

── 실험 #89/100 ──────────────────────
📚 리서치 아이디어 수집...
   6개 아이디어 수집
✏️  scorer.py 수정...
   변경: Purity +3%, 고빈도 페널티 활성화
15
⏱️  시뮬레이션 (5초)...

─────────────────────────────────────────────
선별 트레이더: 5명
가중 EPT_net:  $1078.5995/trade
평균 MDD:      0.0%
follower_loss: -1078.599503  ← 낮을수록 좋음

선별된 트레이더:
  [A]                       CRS=100.4  ratio=0.094  EPT=$2906.5341
  [A]                       CRS=100.4  ratio=0.088  EPT=$157.7567
  [A]                       CRS=100.4  ratio=0.096  EPT=$785.8988
  [A]                       CRS=95.4  ratio=0.088  EPT=$1065.6946
       ⚠️ 고빈도 슬리피지 위험 (300건, 패널티=0.05)
  [A]                       CRS=95.4  ratio=0.088  EPT=$368.5656
       ⚠️ 고빈도 슬리피지 위험 (300건, 패널티=0.05)

─────────────────────────────────────────────
이전 최고: -1078.599503
현재 결과: -1078.599503
❌ 개선 없음 (+0.000000) → git revert 권장

📝 기록: autoresearch/results.jsonl
=======================================================


❌ 미개선. revert.

── 실험 #90/100 ──────────────────────
📚 리서치 아이디어 수집...
   6개 아이디어 수집
✏️  scorer.py 수정...
   변경: w_ept_net +0.05, w_profit_factor -0.05
15
⏱️  시뮬레이션 (5초)...

─────────────────────────────────────────────
선별 트레이더: 5명
가중 EPT_net:  $1078.5995/trade
평균 MDD:      0.0%
follower_loss: -1078.599503  ← 낮을수록 좋음

선별된 트레이더:
  [A]                       CRS=100.4  ratio=0.094  EPT=$2906.5341
  [A]                       CRS=100.4  ratio=0.088  EPT=$157.7567
  [A]                       CRS=100.4  ratio=0.096  EPT=$785.8988
  [A]                       CRS=95.4  ratio=0.088  EPT=$1065.6946
       ⚠️ 고빈도 슬리피지 위험 (300건, 패널티=0.05)
  [A]                       CRS=95.4  ratio=0.088  EPT=$368.5656
       ⚠️ 고빈도 슬리피지 위험 (300건, 패널티=0.05)

─────────────────────────────────────────────
이전 최고: -1078.599503
현재 결과: -1078.599503
❌ 개선 없음 (+0.000000) → git revert 권장

📝 기록: autoresearch/results.jsonl
=======================================================


❌ 미개선. revert.
⚡ 3회 연속 미개선 → 탐색 전략 변경

── 실험 #91/100 ──────────────────────
📚 리서치 아이디어 수집...
   6개 아이디어 수집
✏️  scorer.py 수정...
   변경: EPT_net 가중치 +5%, PF -5%, purity 임계값 0.25 → 0.22
15
⏱️  시뮬레이션 (5초)...

─────────────────────────────────────────────
선별 트레이더: 5명
가중 EPT_net:  $1078.5995/trade
평균 MDD:      0.0%
follower_loss: -1078.599503  ← 낮을수록 좋음

선별된 트레이더:
  [A]                       CRS=100.6  ratio=0.094  EPT=$2906.5341
  [A]                       CRS=100.6  ratio=0.088  EPT=$157.7567
  [A]                       CRS=100.6  ratio=0.096  EPT=$785.8988
  [A]                       CRS=95.6  ratio=0.088  EPT=$1065.6946
       ⚠️ 고빈도 슬리피지 위험 (300건, 패널티=0.05)
  [A]                       CRS=95.6  ratio=0.088  EPT=$368.5656
       ⚠️ 고빈도 슬리피지 위험 (300건, 패널티=0.05)

─────────────────────────────────────────────
이전 최고: -1078.599503
현재 결과: -1078.599503
❌ 개선 없음 (+0.000000) → git revert 권장

📝 기록: autoresearch/results.jsonl
=======================================================


❌ 미개선. revert.

── 실험 #92/100 ──────────────────────
📚 리서치 아이디어 수집...
   6개 아이디어 수집
✏️  scorer.py 수정...
   변경: Purity +3%, 고빈도 페널티 활성화
15
⏱️  시뮬레이션 (5초)...

─────────────────────────────────────────────
선별 트레이더: 5명
가중 EPT_net:  $1078.5995/trade
평균 MDD:      0.0%
follower_loss: -1078.599503  ← 낮을수록 좋음

선별된 트레이더:
  [A]                       CRS=100.4  ratio=0.094  EPT=$2906.5341
  [A]                       CRS=100.4  ratio=0.088  EPT=$157.7567
  [A]                       CRS=100.4  ratio=0.096  EPT=$785.8988
  [A]                       CRS=95.4  ratio=0.088  EPT=$1065.6946
       ⚠️ 고빈도 슬리피지 위험 (300건, 패널티=0.05)
  [A]                       CRS=95.4  ratio=0.088  EPT=$368.5656
       ⚠️ 고빈도 슬리피지 위험 (300건, 패널티=0.05)

─────────────────────────────────────────────
이전 최고: -1078.599503
현재 결과: -1078.599503
❌ 개선 없음 (+0.000000) → git revert 권장

📝 기록: autoresearch/results.jsonl
=======================================================


❌ 미개선. revert.

── 실험 #93/100 ──────────────────────
📚 리서치 아이디어 수집...
   6개 아이디어 수집
✏️  scorer.py 수정...
   변경: w_mdd +0.04, w_sortino -0.04
15
⏱️  시뮬레이션 (5초)...

─────────────────────────────────────────────
선별 트레이더: 5명
가중 EPT_net:  $1078.5995/trade
평균 MDD:      0.0%
follower_loss: -1078.599503  ← 낮을수록 좋음

선별된 트레이더:
  [A]                       CRS=100.4  ratio=0.094  EPT=$2906.5341
  [A]                       CRS=100.4  ratio=0.088  EPT=$157.7567
  [A]                       CRS=100.4  ratio=0.096  EPT=$785.8988
  [A]                       CRS=95.4  ratio=0.088  EPT=$1065.6946
       ⚠️ 고빈도 슬리피지 위험 (300건, 패널티=0.05)
  [A]                       CRS=95.4  ratio=0.088  EPT=$368.5656
       ⚠️ 고빈도 슬리피지 위험 (300건, 패널티=0.05)

─────────────────────────────────────────────
이전 최고: -1078.599503
현재 결과: -1078.599503
❌ 개선 없음 (+0.000000) → git revert 권장

📝 기록: autoresearch/results.jsonl
=======================================================


❌ 미개선. revert.
⚡ 3회 연속 미개선 → 탐색 전략 변경

── 실험 #94/100 ──────────────────────
📚 리서치 아이디어 수집...
   6개 아이디어 수집
✏️  scorer.py 수정...
   변경: EPT_net 가중치 +5%, PF -5%
15
⏱️  시뮬레이션 (5초)...

─────────────────────────────────────────────
선별 트레이더: 5명
가중 EPT_net:  $1078.5995/trade
평균 MDD:      0.0%
follower_loss: -1078.599503  ← 낮을수록 좋음

선별된 트레이더:
  [A]                       CRS=100.4  ratio=0.094  EPT=$2906.5341
  [A]                       CRS=100.4  ratio=0.088  EPT=$157.7567
  [A]                       CRS=100.4  ratio=0.096  EPT=$785.8988
  [A]                       CRS=95.4  ratio=0.088  EPT=$1065.6946
       ⚠️ 고빈도 슬리피지 위험 (300건, 패널티=0.05)
  [A]                       CRS=95.4  ratio=0.088  EPT=$368.5656
       ⚠️ 고빈도 슬리피지 위험 (300건, 패널티=0.05)

─────────────────────────────────────────────
이전 최고: -1078.599503
현재 결과: -1078.599503
❌ 개선 없음 (+0.000000) → git revert 권장

📝 기록: autoresearch/results.jsonl
=======================================================


❌ 미개선. revert.

── 실험 #95/100 ──────────────────────
📚 리서치 아이디어 수집...
   6개 아이디어 수집
✏️  scorer.py 수정...
   변경: Purity +3%, 고빈도 페널티 활성화
15
⏱️  시뮬레이션 (5초)...

─────────────────────────────────────────────
선별 트레이더: 5명
가중 EPT_net:  $1078.5995/trade
평균 MDD:      0.0%
follower_loss: -1078.599503  ← 낮을수록 좋음

선별된 트레이더:
  [A]                       CRS=100.4  ratio=0.094  EPT=$2906.5341
  [A]                       CRS=100.4  ratio=0.088  EPT=$157.7567
  [A]                       CRS=100.4  ratio=0.096  EPT=$785.8988
  [A]                       CRS=95.4  ratio=0.088  EPT=$1065.6946
       ⚠️ 고빈도 슬리피지 위험 (300건, 패널티=0.05)
  [A]                       CRS=95.4  ratio=0.088  EPT=$368.5656
       ⚠️ 고빈도 슬리피지 위험 (300건, 패널티=0.05)

─────────────────────────────────────────────
이전 최고: -1078.599503
현재 결과: -1078.599503
❌ 개선 없음 (+0.000000) → git revert 권장

📝 기록: autoresearch/results.jsonl
=======================================================


❌ 미개선. revert.

── 실험 #96/100 ──────────────────────
📚 리서치 아이디어 수집...
   6개 아이디어 수집
✏️  scorer.py 수정...
   변경: w_sample +0.03, w_purity -0.03, purity 임계값 0.25 → 0.22
=0.12
⏱️  시뮬레이션 (5초)...

─────────────────────────────────────────────
선별 트레이더: 5명
가중 EPT_net:  $1078.5995/trade
평균 MDD:      0.0%
follower_loss: -1078.599503  ← 낮을수록 좋음

선별된 트레이더:
  [A]                       CRS=98.8  ratio=0.094  EPT=$2906.5341
  [A]                       CRS=98.8  ratio=0.088  EPT=$157.7567
  [A]                       CRS=98.8  ratio=0.096  EPT=$785.8988
  [A]                       CRS=93.8  ratio=0.088  EPT=$1065.6946
       ⚠️ 고빈도 슬리피지 위험 (300건, 패널티=0.05)
  [A]                       CRS=93.8  ratio=0.088  EPT=$368.5656
       ⚠️ 고빈도 슬리피지 위험 (300건, 패널티=0.05)

─────────────────────────────────────────────
이전 최고: -1078.599503
현재 결과: -1078.599503
❌ 개선 없음 (+0.000000) → git revert 권장

📝 기록: autoresearch/results.jsonl
=======================================================


❌ 미개선. revert.
⚡ 3회 연속 미개선 → 탐색 전략 변경

── 실험 #97/100 ──────────────────────
📚 리서치 아이디어 수집...
   6개 아이디어 수집
✏️  scorer.py 수정...
   변경: EPT_net 가중치 +5%, PF -5%
15
⏱️  시뮬레이션 (5초)...

─────────────────────────────────────────────
선별 트레이더: 5명
가중 EPT_net:  $1078.5995/trade
평균 MDD:      0.0%
follower_loss: -1078.599503  ← 낮을수록 좋음

선별된 트레이더:
  [A]                       CRS=100.4  ratio=0.094  EPT=$2906.5341
  [A]                       CRS=100.4  ratio=0.088  EPT=$157.7567
  [A]                       CRS=100.4  ratio=0.096  EPT=$785.8988
  [A]                       CRS=95.4  ratio=0.088  EPT=$1065.6946
       ⚠️ 고빈도 슬리피지 위험 (300건, 패널티=0.05)
  [A]                       CRS=95.4  ratio=0.088  EPT=$368.5656
       ⚠️ 고빈도 슬리피지 위험 (300건, 패널티=0.05)

─────────────────────────────────────────────
이전 최고: -1078.599503
현재 결과: -1078.599503
❌ 개선 없음 (+0.000000) → git revert 권장

📝 기록: autoresearch/results.jsonl
=======================================================


❌ 미개선. revert.

── 실험 #98/100 ──────────────────────
📚 리서치 아이디어 수집...
   6개 아이디어 수집
✏️  scorer.py 수정...
   변경: Purity +3%, 고빈도 페널티 활성화
15
⏱️  시뮬레이션 (5초)...

─────────────────────────────────────────────
선별 트레이더: 5명
가중 EPT_net:  $1078.5995/trade
평균 MDD:      0.0%
follower_loss: -1078.599503  ← 낮을수록 좋음

선별된 트레이더:
  [A]                       CRS=100.4  ratio=0.094  EPT=$2906.5341
  [A]                       CRS=100.4  ratio=0.088  EPT=$157.7567
  [A]                       CRS=100.4  ratio=0.096  EPT=$785.8988
  [A]                       CRS=95.4  ratio=0.088  EPT=$1065.6946
       ⚠️ 고빈도 슬리피지 위험 (300건, 패널티=0.05)
  [A]                       CRS=95.4  ratio=0.088  EPT=$368.5656
       ⚠️ 고빈도 슬리피지 위험 (300건, 패널티=0.05)

─────────────────────────────────────────────
이전 최고: -1078.599503
현재 결과: -1078.599503
❌ 개선 없음 (+0.000000) → git revert 권장

📝 기록: autoresearch/results.jsonl
=======================================================


❌ 미개선. revert.

── 실험 #99/100 ──────────────────────
📚 리서치 아이디어 수집...
   6개 아이디어 수집
✏️  scorer.py 수정...
   변경: w_sharpe +0.04, w_ept_net -0.04
15
⏱️  시뮬레이션 (5초)...

─────────────────────────────────────────────
선별 트레이더: 5명
가중 EPT_net:  $1078.5995/trade
평균 MDD:      0.0%
follower_loss: -1078.599503  ← 낮을수록 좋음

선별된 트레이더:
  [A]                       CRS=100.4  ratio=0.094  EPT=$2906.5341
  [A]                       CRS=100.4  ratio=0.088  EPT=$157.7567
  [A]                       CRS=100.4  ratio=0.096  EPT=$785.8988
  [A]                       CRS=95.4  ratio=0.088  EPT=$1065.6946
       ⚠️ 고빈도 슬리피지 위험 (300건, 패널티=0.05)
  [A]                       CRS=95.4  ratio=0.088  EPT=$368.5656
       ⚠️ 고빈도 슬리피지 위험 (300건, 패널티=0.05)

─────────────────────────────────────────────
이전 최고: -1078.599503
현재 결과: -1078.599503
❌ 개선 없음 (+0.000000) → git revert 권장

📝 기록: autoresearch/results.jsonl
=======================================================


❌ 미개선. revert.
⚡ 3회 연속 미개선 → 탐색 전략 변경

── 실험 #100/100 ──────────────────────
📚 리서치 아이디어 수집...
   6개 아이디어 수집
✏️  scorer.py 수정...
   변경: EPT_net 가중치 +5%, PF -5%
15
⏱️  시뮬레이션 (5초)...

─────────────────────────────────────────────
선별 트레이더: 5명
가중 EPT_net:  $1078.5995/trade
평균 MDD:      0.0%
follower_loss: -1078.599503  ← 낮을수록 좋음

선별된 트레이더:
  [A]                       CRS=100.4  ratio=0.094  EPT=$2906.5341
  [A]                       CRS=100.4  ratio=0.088  EPT=$157.7567
  [A]                       CRS=100.4  ratio=0.096  EPT=$785.8988
  [A]                       CRS=95.4  ratio=0.088  EPT=$1065.6946
       ⚠️ 고빈도 슬리피지 위험 (300건, 패널티=0.05)
  [A]                       CRS=95.4  ratio=0.088  EPT=$368.5656
       ⚠️ 고빈도 슬리피지 위험 (300건, 패널티=0.05)

─────────────────────────────────────────────
이전 최고: -1078.599503
현재 결과: -1078.599503
❌ 개선 없음 (+0.000000) → git revert 권장

📝 기록: autoresearch/results.jsonl
=======================================================


❌ 미개선. revert.

=======================================================
✅ AutoResearch 완료  |  총 100회 실험
   최저 follower_loss: -1078.599503
   보고서: autoresearch/report.md
=======================================================
